{"/Users/kaleshkaladharan/Desktop/vscode/rheas/routing/src/index.ts": {"path":"/Users/kaleshkaladharan/Desktop/vscode/rheas/routing/src/index.ts","statementMap":{"0":{"start":{"line":1,"column":0},"end":{"line":1,"column":9}},"1":{"start":{"line":6,"column":4},"end":{"line":1,"column":32}},"2":{"start":{"line":2,"column":0},"end":{"line":2,"column":9}},"3":{"start":{"line":7,"column":4},"end":{"line":2,"column":34}},"4":{"start":{"line":3,"column":0},"end":{"line":3,"column":9}},"5":{"start":{"line":8,"column":4},"end":{"line":3,"column":50}}},"fnMap":{"0":{"name":"(anonymous_0)","decl":{"start":{"line":6,"column":4},"end":{"line":6,"column":9}},"loc":{"start":{"line":6,"column":4},"end":{"line":1,"column":32}}},"1":{"name":"(anonymous_1)","decl":{"start":{"line":7,"column":4},"end":{"line":7,"column":10}},"loc":{"start":{"line":7,"column":4},"end":{"line":2,"column":34}}},"2":{"name":"(anonymous_2)","decl":{"start":{"line":8,"column":4},"end":{"line":8,"column":18}},"loc":{"start":{"line":8,"column":4},"end":{"line":3,"column":50}}}},"branchMap":{},"s":{"0":3,"1":20,"2":3,"3":3,"4":3,"5":3},"f":{"0":17,"1":0,"2":0},"b":{}}
,"/Users/kaleshkaladharan/Desktop/vscode/rheas/routing/src/requestPipeline.ts": {"path":"/Users/kaleshkaladharan/Desktop/vscode/rheas/routing/src/requestPipeline.ts","statementMap":{"0":{"start":{"line":4,"column":0},"end":{"line":4,"column":13}},"1":{"start":{"line":11,"column":14},"end":{"line":11,"column":40}},"2":{"start":{"line":18,"column":11},"end":{"line":22,"column":null}},"3":{"start":{"line":19,"column":8},"end":{"line":19,"column":27}},"4":{"start":{"line":21,"column":8},"end":{"line":21,"column":20}},"5":{"start":{"line":32,"column":17},"end":{"line":36,"column":null}},"6":{"start":{"line":33,"column":14},"end":{"line":33,"column":76}},"7":{"start":{"line":35,"column":15},"end":{"line":35,"column":40}},"8":{"start":{"line":35,"column":8},"end":{"line":35,"column":40}},"9":{"start":{"line":44,"column":14},"end":{"line":48,"column":null}},"10":{"start":{"line":44,"column":4},"end":{"line":44,"column":14}},"11":{"start":{"line":45,"column":8},"end":{"line":47,"column":10}},"12":{"start":{"line":45,"column":51},"end":{"line":47,"column":10}},"13":{"start":{"line":46,"column":19},"end":{"line":46,"column":49}},"14":{"start":{"line":46,"column":12},"end":{"line":46,"column":49}},"15":{"start":{"line":49,"column":0},"end":{"line":49,"column":null}},"16":{"start":{"line":4,"column":13},"end":{"line":4,"column":28}}},"fnMap":{"0":{"name":"(anonymous_13)","decl":{"start":{"line":4,"column":0},"end":{"line":4,"column":13}},"loc":{"start":{"line":4,"column":0},"end":{"line":49,"column":null}}},"1":{"name":"(anonymous_15)","decl":{"start":{"line":18,"column":4},"end":{"line":18,"column":11}},"loc":{"start":{"line":18,"column":39},"end":{"line":22,"column":5}}},"2":{"name":"(anonymous_16)","decl":{"start":{"line":32,"column":4},"end":{"line":32,"column":17}},"loc":{"start":{"line":32,"column":76},"end":{"line":36,"column":null}}},"3":{"name":"(anonymous_19)","decl":{"start":{"line":44,"column":4},"end":{"line":44,"column":14}},"loc":{"start":{"line":44,"column":73},"end":{"line":48,"column":5}}},"4":{"name":"(anonymous_20)","decl":{"start":{"line":45,"column":15},"end":{"line":45,"column":22}},"loc":{"start":{"line":45,"column":51},"end":{"line":47,"column":10}}},"5":{"name":"(anonymous_21)","decl":{"start":{"line":45,"column":51},"end":{"line":45,"column":null}},"loc":{"start":{"line":45,"column":51},"end":{"line":47,"column":10}}}},"branchMap":{"0":{"loc":{"start":{"line":35,"column":8},"end":{"line":35,"column":40}},"type":"switch","locations":[{"start":{"line":35,"column":8},"end":{"line":35,"column":40}}]},"1":{"loc":{"start":{"line":46,"column":19},"end":{"line":46,"column":49}},"type":"switch","locations":[{"start":{"line":46,"column":19},"end":{"line":46,"column":49}},{"start":{"line":46,"column":12},"end":{"line":46,"column":49}}]}},"s":{"0":3,"1":0,"2":3,"3":0,"4":0,"5":3,"6":0,"7":0,"8":0,"9":3,"10":0,"11":0,"12":0,"13":0,"14":0,"15":3,"16":3},"f":{"0":3,"1":0,"2":0,"3":0,"4":0,"5":0},"b":{"0":[0],"1":[0,0]}}
,"/Users/kaleshkaladharan/Desktop/vscode/rheas/routing/src/route.ts": {"path":"/Users/kaleshkaladharan/Desktop/vscode/rheas/routing/src/route.ts","statementMap":{"0":{"start":{"line":1,"column":0},"end":{"line":1,"column":37}},"1":{"start":{"line":3,"column":0},"end":{"line":3,"column":61}},"2":{"start":{"line":6,"column":0},"end":{"line":6,"column":13}},"3":{"start":{"line":120,"column":16},"end":{"line":120,"column":null}},"4":{"start":{"line":20,"column":14},"end":{"line":20,"column":38}},"5":{"start":{"line":27,"column":14},"end":{"line":27,"column":53}},"6":{"start":{"line":34,"column":14},"end":{"line":34,"column":33}},"7":{"start":{"line":41,"column":14},"end":{"line":41,"column":33}},"8":{"start":{"line":48,"column":14},"end":{"line":48,"column":35}},"9":{"start":{"line":56,"column":14},"end":{"line":56,"column":42}},"10":{"start":{"line":63,"column":14},"end":{"line":63,"column":42}},"11":{"start":{"line":70,"column":14},"end":{"line":70,"column":50}},"12":{"start":{"line":78,"column":14},"end":{"line":78,"column":53}},"13":{"start":{"line":85,"column":12},"end":{"line":85,"column":58}},"14":{"start":{"line":92,"column":14},"end":{"line":92,"column":49}},"15":{"start":{"line":99,"column":14},"end":{"line":99,"column":42}},"16":{"start":{"line":121,"column":8},"end":{"line":121,"column":26}},"17":{"start":{"line":129,"column":18},"end":{"line":131,"column":null}},"18":{"start":{"line":129,"column":24},"end":{"line":129,"column":null}},"19":{"start":{"line":130,"column":8},"end":{"line":130,"column":33}},"20":{"start":{"line":139,"column":18},"end":{"line":141,"column":null}},"21":{"start":{"line":140,"column":8},"end":{"line":140,"column":70}},"22":{"start":{"line":149,"column":18},"end":{"line":151,"column":null}},"23":{"start":{"line":150,"column":8},"end":{"line":150,"column":74}},"24":{"start":{"line":159,"column":18},"end":{"line":161,"column":null}},"25":{"start":{"line":160,"column":8},"end":{"line":160,"column":66}},"26":{"start":{"line":169,"column":18},"end":{"line":171,"column":null}},"27":{"start":{"line":170,"column":8},"end":{"line":170,"column":67}},"28":{"start":{"line":179,"column":18},"end":{"line":181,"column":null}},"29":{"start":{"line":180,"column":8},"end":{"line":180,"column":68}},"30":{"start":{"line":189,"column":18},"end":{"line":191,"column":null}},"31":{"start":{"line":190,"column":8},"end":{"line":190,"column":69}},"32":{"start":{"line":199,"column":18},"end":{"line":201,"column":null}},"33":{"start":{"line":200,"column":8},"end":{"line":200,"column":70}},"34":{"start":{"line":208,"column":18},"end":{"line":212,"column":null}},"35":{"start":{"line":209,"column":8},"end":{"line":209,"column":71}},"36":{"start":{"line":211,"column":8},"end":{"line":211,"column":37}},"37":{"start":{"line":220,"column":11},"end":{"line":228,"column":null}},"38":{"start":{"line":220,"column":4},"end":{"line":220,"column":11}},"39":{"start":{"line":220,"column":18},"end":{"line":220,"column":37}},"40":{"start":{"line":221,"column":8},"end":{"line":223,"column":11}},"41":{"start":{"line":222,"column":12},"end":{"line":222,"column":34}},"42":{"start":{"line":225,"column":8},"end":{"line":225,"column":35}},"43":{"start":{"line":227,"column":8},"end":{"line":227,"column":20}},"44":{"start":{"line":235,"column":11},"end":{"line":247,"column":null}},"45":{"start":{"line":236,"column":40},"end":{"line":236,"column":42}},"46":{"start":{"line":238,"column":8},"end":{"line":241,"column":null}},"47":{"start":{"line":240,"column":12},"end":{"line":240,"column":71}},"48":{"start":{"line":243,"column":8},"end":{"line":245,"column":null}},"49":{"start":{"line":244,"column":12},"end":{"line":244,"column":73}},"50":{"start":{"line":246,"column":8},"end":{"line":246,"column":31}},"51":{"start":{"line":255,"column":11},"end":{"line":257,"column":null}},"52":{"start":{"line":256,"column":8},"end":{"line":256,"column":39}},"53":{"start":{"line":266,"column":11},"end":{"line":274,"column":null}},"54":{"start":{"line":267,"column":21},"end":{"line":267,"column":33}},"55":{"start":{"line":269,"column":8},"end":{"line":272,"column":null}},"56":{"start":{"line":271,"column":12},"end":{"line":271,"column":52}},"57":{"start":{"line":273,"column":8},"end":{"line":273,"column":22}},"58":{"start":{"line":282,"column":11},"end":{"line":298,"column":null}},"59":{"start":{"line":283,"column":33},"end":{"line":283,"column":35}},"60":{"start":{"line":285,"column":8},"end":{"line":292,"column":null}},"61":{"start":{"line":287,"column":31},"end":{"line":287,"column":59}},"62":{"start":{"line":289,"column":12},"end":{"line":291,"column":null}},"63":{"start":{"line":290,"column":16},"end":{"line":290,"column":42}},"64":{"start":{"line":293,"column":8},"end":{"line":295,"column":null}},"65":{"start":{"line":294,"column":12},"end":{"line":294,"column":38}},"66":{"start":{"line":297,"column":8},"end":{"line":297,"column":34}},"67":{"start":{"line":306,"column":11},"end":{"line":317,"column":null}},"68":{"start":{"line":307,"column":34},"end":{"line":307,"column":36}},"69":{"start":{"line":309,"column":8},"end":{"line":311,"column":11}},"70":{"start":{"line":310,"column":12},"end":{"line":310,"column":54}},"71":{"start":{"line":313,"column":8},"end":{"line":315,"column":null}},"72":{"start":{"line":314,"column":12},"end":{"line":314,"column":36}},"73":{"start":{"line":316,"column":8},"end":{"line":316,"column":25}},"74":{"start":{"line":326,"column":11},"end":{"line":334,"column":null}},"75":{"start":{"line":327,"column":24},"end":{"line":327,"column":39}},"76":{"start":{"line":329,"column":8},"end":{"line":332,"column":null}},"77":{"start":{"line":331,"column":12},"end":{"line":331,"column":55}},"78":{"start":{"line":333,"column":8},"end":{"line":333,"column":25}},"79":{"start":{"line":341,"column":11},"end":{"line":353,"column":null}},"80":{"start":{"line":342,"column":8},"end":{"line":344,"column":null}},"81":{"start":{"line":343,"column":12},"end":{"line":343,"column":44}},"82":{"start":{"line":346,"column":8},"end":{"line":348,"column":null}},"83":{"start":{"line":346,"column":37},"end":{"line":346,"column":66}},"84":{"start":{"line":347,"column":12},"end":{"line":347,"column":114}},"85":{"start":{"line":350,"column":8},"end":{"line":350,"column":32}},"86":{"start":{"line":352,"column":8},"end":{"line":352,"column":20}},"87":{"start":{"line":360,"column":11},"end":{"line":364,"column":null}},"88":{"start":{"line":361,"column":8},"end":{"line":361,"column":30}},"89":{"start":{"line":363,"column":8},"end":{"line":363,"column":20}},"90":{"start":{"line":371,"column":11},"end":{"line":375,"column":null}},"91":{"start":{"line":372,"column":8},"end":{"line":372,"column":26}},"92":{"start":{"line":374,"column":8},"end":{"line":374,"column":20}},"93":{"start":{"line":382,"column":11},"end":{"line":386,"column":null}},"94":{"start":{"line":383,"column":8},"end":{"line":383,"column":36}},"95":{"start":{"line":385,"column":8},"end":{"line":385,"column":20}},"96":{"start":{"line":393,"column":11},"end":{"line":397,"column":null}},"97":{"start":{"line":394,"column":8},"end":{"line":394,"column":49}},"98":{"start":{"line":396,"column":8},"end":{"line":396,"column":20}},"99":{"start":{"line":404,"column":11},"end":{"line":408,"column":null}},"100":{"start":{"line":404,"column":16},"end":{"line":404,"column":null}},"101":{"start":{"line":405,"column":8},"end":{"line":405,"column":36}},"102":{"start":{"line":407,"column":8},"end":{"line":407,"column":20}},"103":{"start":{"line":415,"column":11},"end":{"line":423,"column":null}},"104":{"start":{"line":417,"column":8},"end":{"line":419,"column":null}},"105":{"start":{"line":418,"column":12},"end":{"line":418,"column":48}},"106":{"start":{"line":420,"column":8},"end":{"line":420,"column":40}},"107":{"start":{"line":422,"column":8},"end":{"line":422,"column":20}},"108":{"start":{"line":430,"column":11},"end":{"line":438,"column":null}},"109":{"start":{"line":432,"column":8},"end":{"line":434,"column":null}},"110":{"start":{"line":433,"column":12},"end":{"line":433,"column":48}},"111":{"start":{"line":435,"column":8},"end":{"line":435,"column":48}},"112":{"start":{"line":437,"column":8},"end":{"line":437,"column":20}},"113":{"start":{"line":445,"column":11},"end":{"line":447,"column":null}},"114":{"start":{"line":446,"column":8},"end":{"line":446,"column":34}},"115":{"start":{"line":454,"column":11},"end":{"line":456,"column":null}},"116":{"start":{"line":455,"column":8},"end":{"line":455,"column":29}},"117":{"start":{"line":463,"column":11},"end":{"line":465,"column":null}},"118":{"start":{"line":464,"column":8},"end":{"line":464,"column":26}},"119":{"start":{"line":472,"column":11},"end":{"line":474,"column":null}},"120":{"start":{"line":473,"column":8},"end":{"line":473,"column":26}},"121":{"start":{"line":481,"column":11},"end":{"line":483,"column":null}},"122":{"start":{"line":482,"column":8},"end":{"line":482,"column":28}},"123":{"start":{"line":490,"column":11},"end":{"line":492,"column":null}},"124":{"start":{"line":491,"column":8},"end":{"line":491,"column":33}},"125":{"start":{"line":499,"column":11},"end":{"line":504,"column":null}},"126":{"start":{"line":500,"column":8},"end":{"line":502,"column":null}},"127":{"start":{"line":501,"column":12},"end":{"line":501,"column":73}},"128":{"start":{"line":503,"column":8},"end":{"line":503,"column":35}},"129":{"start":{"line":511,"column":11},"end":{"line":513,"column":null}},"130":{"start":{"line":512,"column":8},"end":{"line":512,"column":41}},"131":{"start":{"line":520,"column":11},"end":{"line":522,"column":null}},"132":{"start":{"line":521,"column":8},"end":{"line":521,"column":40}},"133":{"start":{"line":529,"column":11},"end":{"line":531,"column":null}},"134":{"start":{"line":530,"column":8},"end":{"line":530,"column":49}},"135":{"start":{"line":13,"column":18},"end":{"line":13,"column":87}},"136":{"start":{"line":532,"column":0},"end":{"line":532,"column":null}},"137":{"start":{"line":6,"column":13},"end":{"line":6,"column":18}}},"fnMap":{"0":{"name":"(anonymous_1)","decl":{"start":{"line":6,"column":0},"end":{"line":6,"column":13}},"loc":{"start":{"line":6,"column":0},"end":{"line":6,"column":13}}},"1":{"name":"Route","decl":{"start":{"line":120,"column":4},"end":{"line":120,"column":16}},"loc":{"start":{"line":120,"column":33},"end":{"line":122,"column":5}}},"2":{"name":"(anonymous_3)","decl":{"start":{"line":129,"column":4},"end":{"line":129,"column":18}},"loc":{"start":{"line":129,"column":43},"end":{"line":131,"column":5}}},"3":{"name":"(anonymous_4)","decl":{"start":{"line":139,"column":4},"end":{"line":139,"column":18}},"loc":{"start":{"line":139,"column":71},"end":{"line":141,"column":5}}},"4":{"name":"(anonymous_5)","decl":{"start":{"line":149,"column":4},"end":{"line":149,"column":18}},"loc":{"start":{"line":149,"column":71},"end":{"line":151,"column":5}}},"5":{"name":"(anonymous_6)","decl":{"start":{"line":159,"column":4},"end":{"line":159,"column":18}},"loc":{"start":{"line":159,"column":71},"end":{"line":161,"column":5}}},"6":{"name":"(anonymous_7)","decl":{"start":{"line":169,"column":4},"end":{"line":169,"column":18}},"loc":{"start":{"line":169,"column":72},"end":{"line":171,"column":5}}},"7":{"name":"(anonymous_8)","decl":{"start":{"line":179,"column":4},"end":{"line":179,"column":18}},"loc":{"start":{"line":179,"column":73},"end":{"line":181,"column":5}}},"8":{"name":"(anonymous_9)","decl":{"start":{"line":189,"column":4},"end":{"line":189,"column":18}},"loc":{"start":{"line":189,"column":74},"end":{"line":191,"column":5}}},"9":{"name":"(anonymous_10)","decl":{"start":{"line":199,"column":4},"end":{"line":199,"column":18}},"loc":{"start":{"line":199,"column":75},"end":{"line":201,"column":5}}},"10":{"name":"(anonymous_11)","decl":{"start":{"line":208,"column":4},"end":{"line":208,"column":18}},"loc":{"start":{"line":208,"column":44},"end":{"line":212,"column":5}}},"11":{"name":"(anonymous_12)","decl":{"start":{"line":220,"column":4},"end":{"line":220,"column":11}},"loc":{"start":{"line":220,"column":4},"end":{"line":228,"column":5}}},"12":{"name":"(anonymous_13)","decl":{"start":{"line":221,"column":23},"end":{"line":221,"column":28}},"loc":{"start":{"line":221,"column":28},"end":{"line":223,"column":9}}},"13":{"name":"(anonymous_14)","decl":{"start":{"line":235,"column":4},"end":{"line":235,"column":11}},"loc":{"start":{"line":235,"column":4},"end":{"line":247,"column":5}}},"14":{"name":"(anonymous_15)","decl":{"start":{"line":255,"column":4},"end":{"line":255,"column":11}},"loc":{"start":{"line":255,"column":4},"end":{"line":257,"column":5}}},"15":{"name":"(anonymous_16)","decl":{"start":{"line":266,"column":4},"end":{"line":266,"column":11}},"loc":{"start":{"line":266,"column":4},"end":{"line":274,"column":5}}},"16":{"name":"(anonymous_17)","decl":{"start":{"line":282,"column":4},"end":{"line":282,"column":11}},"loc":{"start":{"line":282,"column":4},"end":{"line":298,"column":5}}},"17":{"name":"(anonymous_18)","decl":{"start":{"line":306,"column":4},"end":{"line":306,"column":11}},"loc":{"start":{"line":306,"column":4},"end":{"line":317,"column":5}}},"18":{"name":"(anonymous_19)","decl":{"start":{"line":309,"column":34},"end":{"line":309,"column":39}},"loc":{"start":{"line":309,"column":39},"end":{"line":311,"column":9}}},"19":{"name":"(anonymous_20)","decl":{"start":{"line":326,"column":4},"end":{"line":326,"column":11}},"loc":{"start":{"line":326,"column":4},"end":{"line":334,"column":5}}},"20":{"name":"(anonymous_21)","decl":{"start":{"line":341,"column":4},"end":{"line":341,"column":11}},"loc":{"start":{"line":341,"column":45},"end":{"line":353,"column":5}}},"21":{"name":"(anonymous_22)","decl":{"start":{"line":346,"column":27},"end":{"line":346,"column":33}},"loc":{"start":{"line":346,"column":33},"end":{"line":346,"column":42}}},"22":{"name":"(anonymous_23)","decl":{"start":{"line":360,"column":4},"end":{"line":360,"column":11}},"loc":{"start":{"line":360,"column":50},"end":{"line":364,"column":5}}},"23":{"name":"(anonymous_24)","decl":{"start":{"line":371,"column":4},"end":{"line":371,"column":11}},"loc":{"start":{"line":371,"column":28},"end":{"line":375,"column":5}}},"24":{"name":"(anonymous_25)","decl":{"start":{"line":382,"column":4},"end":{"line":382,"column":11}},"loc":{"start":{"line":382,"column":30},"end":{"line":386,"column":5}}},"25":{"name":"(anonymous_26)","decl":{"start":{"line":393,"column":4},"end":{"line":393,"column":11}},"loc":{"start":{"line":393,"column":32},"end":{"line":397,"column":5}}},"26":{"name":"(anonymous_27)","decl":{"start":{"line":404,"column":4},"end":{"line":404,"column":11}},"loc":{"start":{"line":404,"column":41},"end":{"line":408,"column":5}}},"27":{"name":"(anonymous_28)","decl":{"start":{"line":415,"column":4},"end":{"line":415,"column":11}},"loc":{"start":{"line":415,"column":52},"end":{"line":423,"column":5}}},"28":{"name":"(anonymous_29)","decl":{"start":{"line":430,"column":4},"end":{"line":430,"column":11}},"loc":{"start":{"line":430,"column":59},"end":{"line":438,"column":5}}},"29":{"name":"(anonymous_30)","decl":{"start":{"line":445,"column":4},"end":{"line":445,"column":11}},"loc":{"start":{"line":445,"column":34},"end":{"line":447,"column":5}}},"30":{"name":"(anonymous_31)","decl":{"start":{"line":454,"column":4},"end":{"line":454,"column":11}},"loc":{"start":{"line":454,"column":4},"end":{"line":456,"column":5}}},"31":{"name":"(anonymous_32)","decl":{"start":{"line":463,"column":4},"end":{"line":463,"column":11}},"loc":{"start":{"line":463,"column":4},"end":{"line":465,"column":5}}},"32":{"name":"(anonymous_33)","decl":{"start":{"line":472,"column":4},"end":{"line":472,"column":11}},"loc":{"start":{"line":472,"column":4},"end":{"line":474,"column":5}}},"33":{"name":"(anonymous_34)","decl":{"start":{"line":481,"column":4},"end":{"line":481,"column":11}},"loc":{"start":{"line":481,"column":4},"end":{"line":483,"column":5}}},"34":{"name":"(anonymous_35)","decl":{"start":{"line":490,"column":4},"end":{"line":490,"column":11}},"loc":{"start":{"line":490,"column":4},"end":{"line":492,"column":5}}},"35":{"name":"(anonymous_36)","decl":{"start":{"line":499,"column":4},"end":{"line":499,"column":11}},"loc":{"start":{"line":499,"column":4},"end":{"line":504,"column":5}}},"36":{"name":"(anonymous_37)","decl":{"start":{"line":511,"column":4},"end":{"line":511,"column":11}},"loc":{"start":{"line":511,"column":4},"end":{"line":513,"column":5}}},"37":{"name":"(anonymous_38)","decl":{"start":{"line":520,"column":4},"end":{"line":520,"column":11}},"loc":{"start":{"line":520,"column":4},"end":{"line":522,"column":5}}},"38":{"name":"(anonymous_39)","decl":{"start":{"line":529,"column":4},"end":{"line":529,"column":11}},"loc":{"start":{"line":529,"column":4},"end":{"line":531,"column":5}}}},"branchMap":{"0":{"loc":{"start":{"line":120,"column":16},"end":{"line":120,"column":null}},"type":"if","locations":[{"start":{"line":120,"column":16},"end":{"line":120,"column":null}},{"start":{"line":120,"column":16},"end":{"line":120,"column":null}}]},"1":{"loc":{"start":{"line":129,"column":24},"end":{"line":129,"column":null}},"type":"if","locations":[{"start":{"line":129,"column":24},"end":{"line":129,"column":null}},{"start":{"line":129,"column":24},"end":{"line":129,"column":null}}]},"2":{"loc":{"start":{"line":238,"column":8},"end":{"line":241,"column":null}},"type":"if","locations":[{"start":{"line":238,"column":8},"end":{"line":241,"column":null}},{"start":{"line":238,"column":8},"end":{"line":241,"column":null}}]},"3":{"loc":{"start":{"line":243,"column":8},"end":{"line":245,"column":null}},"type":"if","locations":[{"start":{"line":243,"column":8},"end":{"line":245,"column":null}},{"start":{"line":243,"column":8},"end":{"line":245,"column":null}}]},"4":{"loc":{"start":{"line":269,"column":8},"end":{"line":272,"column":null}},"type":"if","locations":[{"start":{"line":269,"column":8},"end":{"line":272,"column":null}},{"start":{"line":269,"column":8},"end":{"line":272,"column":null}}]},"5":{"loc":{"start":{"line":269,"column":12},"end":{"line":269,"column":30}},"type":"binary-expr","locations":[{"start":{"line":269,"column":12},"end":{"line":269,"column":30}},{"start":{"line":269,"column":34},"end":{"line":269,"column":50}}]},"6":{"loc":{"start":{"line":285,"column":8},"end":{"line":292,"column":null}},"type":"if","locations":[{"start":{"line":285,"column":8},"end":{"line":292,"column":null}},{"start":{"line":285,"column":8},"end":{"line":292,"column":null}}]},"7":{"loc":{"start":{"line":289,"column":12},"end":{"line":291,"column":null}},"type":"if","locations":[{"start":{"line":289,"column":12},"end":{"line":291,"column":null}},{"start":{"line":289,"column":12},"end":{"line":291,"column":null}}]},"8":{"loc":{"start":{"line":293,"column":8},"end":{"line":295,"column":null}},"type":"if","locations":[{"start":{"line":293,"column":8},"end":{"line":295,"column":null}},{"start":{"line":293,"column":8},"end":{"line":295,"column":null}}]},"9":{"loc":{"start":{"line":313,"column":8},"end":{"line":315,"column":null}},"type":"if","locations":[{"start":{"line":313,"column":8},"end":{"line":315,"column":null}},{"start":{"line":313,"column":8},"end":{"line":315,"column":null}}]},"10":{"loc":{"start":{"line":329,"column":8},"end":{"line":332,"column":null}},"type":"if","locations":[{"start":{"line":329,"column":8},"end":{"line":332,"column":null}},{"start":{"line":329,"column":8},"end":{"line":332,"column":null}}]},"11":{"loc":{"start":{"line":329,"column":12},"end":{"line":329,"column":22}},"type":"binary-expr","locations":[{"start":{"line":329,"column":12},"end":{"line":329,"column":22}},{"start":{"line":329,"column":26},"end":{"line":329,"column":42}}]},"12":{"loc":{"start":{"line":342,"column":8},"end":{"line":344,"column":null}},"type":"if","locations":[{"start":{"line":342,"column":8},"end":{"line":344,"column":null}},{"start":{"line":342,"column":8},"end":{"line":344,"column":null}}]},"13":{"loc":{"start":{"line":346,"column":8},"end":{"line":348,"column":null}},"type":"if","locations":[{"start":{"line":346,"column":8},"end":{"line":348,"column":null}},{"start":{"line":346,"column":8},"end":{"line":348,"column":null}}]},"14":{"loc":{"start":{"line":404,"column":16},"end":{"line":404,"column":null}},"type":"if","locations":[{"start":{"line":404,"column":16},"end":{"line":404,"column":null}},{"start":{"line":404,"column":16},"end":{"line":404,"column":null}}]},"15":{"loc":{"start":{"line":417,"column":8},"end":{"line":419,"column":null}},"type":"if","locations":[{"start":{"line":417,"column":8},"end":{"line":419,"column":null}},{"start":{"line":417,"column":8},"end":{"line":419,"column":null}}]},"16":{"loc":{"start":{"line":432,"column":8},"end":{"line":434,"column":null}},"type":"if","locations":[{"start":{"line":432,"column":8},"end":{"line":434,"column":null}},{"start":{"line":432,"column":8},"end":{"line":434,"column":null}}]},"17":{"loc":{"start":{"line":500,"column":8},"end":{"line":502,"column":null}},"type":"if","locations":[{"start":{"line":500,"column":8},"end":{"line":502,"column":null}},{"start":{"line":500,"column":8},"end":{"line":502,"column":null}}]}},"s":{"0":3,"1":3,"2":3,"3":17,"4":17,"5":17,"6":17,"7":17,"8":17,"9":17,"10":17,"11":17,"12":17,"13":17,"14":17,"15":17,"16":17,"17":3,"18":7,"19":5,"20":3,"21":0,"22":3,"23":10,"24":3,"25":0,"26":3,"27":0,"28":3,"29":0,"30":3,"31":0,"32":3,"33":0,"34":3,"35":0,"36":0,"37":3,"38":5,"39":23,"40":5,"41":13,"42":5,"43":5,"44":3,"45":0,"46":0,"47":0,"48":0,"49":0,"50":0,"51":3,"52":0,"53":3,"54":0,"55":0,"56":0,"57":0,"58":3,"59":31,"60":31,"61":19,"62":19,"63":15,"64":31,"65":23,"66":31,"67":3,"68":15,"69":15,"70":13,"71":15,"72":10,"73":15,"74":3,"75":0,"76":0,"77":0,"78":0,"79":3,"80":10,"81":0,"82":10,"83":20,"84":0,"85":10,"86":10,"87":3,"88":10,"89":10,"90":3,"91":10,"92":10,"93":3,"94":17,"95":17,"96":3,"97":0,"98":0,"99":3,"100":0,"101":0,"102":0,"103":3,"104":0,"105":0,"106":0,"107":0,"108":3,"109":0,"110":0,"111":0,"112":0,"113":3,"114":13,"115":3,"116":0,"117":3,"118":10,"119":3,"120":0,"121":3,"122":0,"123":3,"124":50,"125":3,"126":0,"127":0,"128":0,"129":3,"130":0,"131":3,"132":15,"133":3,"134":31,"135":3,"136":3,"137":3},"f":{"0":3,"1":17,"2":5,"3":0,"4":10,"5":0,"6":0,"7":0,"8":0,"9":0,"10":0,"11":5,"12":13,"13":0,"14":0,"15":0,"16":31,"17":15,"18":13,"19":0,"20":10,"21":20,"22":10,"23":10,"24":17,"25":0,"26":0,"27":0,"28":0,"29":13,"30":0,"31":10,"32":0,"33":0,"34":50,"35":0,"36":0,"37":15,"38":31},"b":{"0":[0,17],"1":[2,3],"2":[0,0],"3":[0,0],"4":[0,0],"5":[0,0],"6":[19,12],"7":[15,4],"8":[23,8],"9":[10,5],"10":[0,0],"11":[0,0],"12":[0,10],"13":[0,10],"14":[0,0],"15":[0,0],"16":[0,0],"17":[0,0]}}
,"/Users/kaleshkaladharan/Desktop/vscode/rheas/routing/src/routeRegistrar.ts": {"path":"/Users/kaleshkaladharan/Desktop/vscode/rheas/routing/src/routeRegistrar.ts","statementMap":{"0":{"start":{"line":1,"column":0},"end":{"line":1,"column":32}},"1":{"start":{"line":4,"column":0},"end":{"line":4,"column":null}},"2":{"start":{"line":4,"column":36},"end":{"line":4,"column":41}},"3":{"start":{"line":4,"column":0},"end":{"line":4,"column":13}},"4":{"start":{"line":11,"column":14},"end":{"line":11,"column":null}},"5":{"start":{"line":20,"column":14},"end":{"line":20,"column":25}},"6":{"start":{"line":28,"column":11},"end":{"line":30,"column":null}},"7":{"start":{"line":29,"column":8},"end":{"line":29,"column":18}},"8":{"start":{"line":31,"column":0},"end":{"line":31,"column":null}},"9":{"start":{"line":4,"column":13},"end":{"line":4,"column":27}}},"fnMap":{"0":{"name":"(anonymous_6)","decl":{"start":{"line":4,"column":0},"end":{"line":4,"column":13}},"loc":{"start":{"line":4,"column":0},"end":{"line":31,"column":null}}},"1":{"name":"(anonymous_8)","decl":{"start":{"line":28,"column":4},"end":{"line":28,"column":11}},"loc":{"start":{"line":28,"column":4},"end":{"line":30,"column":5}}}},"branchMap":{"0":{"loc":{"start":{"line":4,"column":0},"end":{"line":4,"column":13}},"type":"binary-expr","locations":[{"start":{"line":4,"column":0},"end":{"line":4,"column":13}},{"start":{"line":4,"column":0},"end":{"line":4,"column":13}},{"start":{"line":4,"column":0},"end":{"line":4,"column":13}}]}},"s":{"0":3,"1":3,"2":3,"3":0,"4":0,"5":0,"6":3,"7":0,"8":3,"9":3},"f":{"0":3,"1":0},"b":{"0":[0,0,0]}}
,"/Users/kaleshkaladharan/Desktop/vscode/rheas/routing/src/router.ts": {"path":"/Users/kaleshkaladharan/Desktop/vscode/rheas/routing/src/router.ts","statementMap":{"0":{"start":{"line":1,"column":0},"end":{"line":1,"column":24}},"1":{"start":{"line":2,"column":0},"end":{"line":2,"column":32}},"2":{"start":{"line":3,"column":0},"end":{"line":3,"column":37}},"3":{"start":{"line":4,"column":0},"end":{"line":4,"column":50}},"4":{"start":{"line":5,"column":0},"end":{"line":5,"column":52}},"5":{"start":{"line":6,"column":0},"end":{"line":6,"column":52}},"6":{"start":{"line":7,"column":0},"end":{"line":7,"column":57}},"7":{"start":{"line":8,"column":0},"end":{"line":8,"column":59}},"8":{"start":{"line":9,"column":0},"end":{"line":9,"column":59}},"9":{"start":{"line":10,"column":0},"end":{"line":10,"column":63}},"10":{"start":{"line":11,"column":0},"end":{"line":11,"column":63}},"11":{"start":{"line":15,"column":0},"end":{"line":15,"column":74}},"12":{"start":{"line":18,"column":0},"end":{"line":18,"column":null}},"13":{"start":{"line":18,"column":28},"end":{"line":18,"column":33}},"14":{"start":{"line":83,"column":8},"end":{"line":83,"column":null}},"15":{"start":{"line":33,"column":14},"end":{"line":33,"column":57}},"16":{"start":{"line":40,"column":14},"end":{"line":40,"column":59}},"17":{"start":{"line":47,"column":14},"end":{"line":47,"column":57}},"18":{"start":{"line":54,"column":14},"end":{"line":54,"column":53}},"19":{"start":{"line":61,"column":14},"end":{"line":61,"column":56}},"20":{"start":{"line":68,"column":12},"end":{"line":68,"column":53}},"21":{"start":{"line":85,"column":8},"end":{"line":85,"column":23}},"22":{"start":{"line":87,"column":8},"end":{"line":87,"column":63}},"23":{"start":{"line":88,"column":8},"end":{"line":88,"column":63}},"24":{"start":{"line":96,"column":14},"end":{"line":98,"column":null}},"25":{"start":{"line":97,"column":8},"end":{"line":97,"column":41}},"26":{"start":{"line":105,"column":14},"end":{"line":107,"column":null}},"27":{"start":{"line":106,"column":8},"end":{"line":106,"column":36}},"28":{"start":{"line":118,"column":17},"end":{"line":135,"column":null}},"29":{"start":{"line":125,"column":23},"end":{"line":125,"column":75}},"30":{"start":{"line":125,"column":12},"end":{"line":125,"column":75}},"31":{"start":{"line":131,"column":12},"end":{"line":131,"column":29}},"32":{"start":{"line":132,"column":12},"end":{"line":132,"column":64}},"33":{"start":{"line":134,"column":8},"end":{"line":134,"column":24}},"34":{"start":{"line":145,"column":14},"end":{"line":156,"column":null}},"35":{"start":{"line":146,"column":52},"end":{"line":146,"column":73}},"36":{"start":{"line":148,"column":8},"end":{"line":154,"column":null}},"37":{"start":{"line":149,"column":12},"end":{"line":149,"column":57}},"38":{"start":{"line":151,"column":12},"end":{"line":151,"column":41}},"39":{"start":{"line":153,"column":12},"end":{"line":153,"column":68}},"40":{"start":{"line":155,"column":8},"end":{"line":155,"column":19}},"41":{"start":{"line":165,"column":20},"end":{"line":173,"column":null}},"42":{"start":{"line":167,"column":14},"end":{"line":168,"column":96}},"43":{"start":{"line":170,"column":15},"end":{"line":172,"column":43}},"44":{"start":{"line":170,"column":8},"end":{"line":172,"column":43}},"45":{"start":{"line":185,"column":18},"end":{"line":190,"column":null}},"46":{"start":{"line":187,"column":14},"end":{"line":187,"column":50}},"47":{"start":{"line":189,"column":15},"end":{"line":189,"column":68}},"48":{"start":{"line":189,"column":8},"end":{"line":189,"column":68}},"49":{"start":{"line":199,"column":12},"end":{"line":210,"column":null}},"50":{"start":{"line":199,"column":4},"end":{"line":199,"column":12}},"51":{"start":{"line":201,"column":8},"end":{"line":209,"column":19}},"52":{"start":{"line":203,"column":34},"end":{"line":203,"column":78}},"53":{"start":{"line":205,"column":16},"end":{"line":207,"column":null}},"54":{"start":{"line":206,"column":20},"end":{"line":206,"column":65}},"55":{"start":{"line":208,"column":16},"end":{"line":208,"column":28}},"56":{"start":{"line":217,"column":12},"end":{"line":227,"column":null}},"57":{"start":{"line":217,"column":4},"end":{"line":217,"column":12}},"58":{"start":{"line":217,"column":35},"end":{"line":217,"column":37}},"59":{"start":{"line":217,"column":43},"end":{"line":217,"column":57}},"60":{"start":{"line":219,"column":8},"end":{"line":226,"column":10}},"61":{"start":{"line":219,"column":36},"end":{"line":226,"column":10}},"62":{"start":{"line":220,"column":18},"end":{"line":220,"column":70}},"63":{"start":{"line":222,"column":12},"end":{"line":224,"column":null}},"64":{"start":{"line":223,"column":16},"end":{"line":223,"column":105}},"65":{"start":{"line":225,"column":19},"end":{"line":225,"column":79}},"66":{"start":{"line":225,"column":12},"end":{"line":225,"column":null}},"67":{"start":{"line":236,"column":12},"end":{"line":246,"column":null}},"68":{"start":{"line":237,"column":31},"end":{"line":237,"column":68}},"69":{"start":{"line":237,"column":19},"end":{"line":237,"column":21}},"70":{"start":{"line":237,"column":27},"end":{"line":237,"column":31}},"71":{"start":{"line":240,"column":25},"end":{"line":240,"column":55}},"72":{"start":{"line":242,"column":8},"end":{"line":244,"column":null}},"73":{"start":{"line":243,"column":12},"end":{"line":243,"column":34}},"74":{"start":{"line":245,"column":8},"end":{"line":245,"column":21}},"75":{"start":{"line":253,"column":12},"end":{"line":259,"column":null}},"76":{"start":{"line":254,"column":32},"end":{"line":254,"column":60}},"77":{"start":{"line":254,"column":17},"end":{"line":254,"column":22}},"78":{"start":{"line":254,"column":28},"end":{"line":254,"column":32}},"79":{"start":{"line":256,"column":29},"end":{"line":256,"column":45}},"80":{"start":{"line":258,"column":8},"end":{"line":258,"column":66}},"81":{"start":{"line":268,"column":14},"end":{"line":280,"column":null}},"82":{"start":{"line":268,"column":4},"end":{"line":268,"column":14}},"83":{"start":{"line":270,"column":8},"end":{"line":279,"column":null}},"84":{"start":{"line":270,"column":30},"end":{"line":279,"column":null}},"85":{"start":{"line":271,"column":16},"end":{"line":271,"column":79}},"86":{"start":{"line":273,"column":12},"end":{"line":275,"column":null}},"87":{"start":{"line":274,"column":16},"end":{"line":274,"column":76}},"88":{"start":{"line":276,"column":18},"end":{"line":276,"column":44}},"89":{"start":{"line":278,"column":19},"end":{"line":278,"column":81}},"90":{"start":{"line":278,"column":12},"end":{"line":278,"column":82}},"91":{"start":{"line":287,"column":14},"end":{"line":294,"column":null}},"92":{"start":{"line":289,"column":34},"end":{"line":289,"column":62}},"93":{"start":{"line":289,"column":22},"end":{"line":289,"column":24}},"94":{"start":{"line":289,"column":30},"end":{"line":289,"column":34}},"95":{"start":{"line":291,"column":32},"end":{"line":291,"column":81}},"96":{"start":{"line":293,"column":8},"end":{"line":293,"column":45}},"97":{"start":{"line":302,"column":12},"end":{"line":309,"column":null}},"98":{"start":{"line":303,"column":33},"end":{"line":303,"column":64}},"99":{"start":{"line":305,"column":30},"end":{"line":305,"column":59}},"100":{"start":{"line":306,"column":31},"end":{"line":306,"column":49}},"101":{"start":{"line":308,"column":8},"end":{"line":308,"column":69}},"102":{"start":{"line":317,"column":11},"end":{"line":339,"column":null}},"103":{"start":{"line":319,"column":25},"end":{"line":319,"column":44}},"104":{"start":{"line":320,"column":8},"end":{"line":320,"column":66}},"105":{"start":{"line":322,"column":22},"end":{"line":322,"column":89}},"106":{"start":{"line":324,"column":8},"end":{"line":326,"column":null}},"107":{"start":{"line":325,"column":12},"end":{"line":325,"column":25}},"108":{"start":{"line":328,"column":25},"end":{"line":328,"column":63}},"109":{"start":{"line":330,"column":8},"end":{"line":336,"column":null}},"110":{"start":{"line":332,"column":12},"end":{"line":335,"column":14}},"111":{"start":{"line":338,"column":8},"end":{"line":338,"column":38}},"112":{"start":{"line":347,"column":12},"end":{"line":360,"column":null}},"113":{"start":{"line":349,"column":25},"end":{"line":349,"column":27}},"114":{"start":{"line":350,"column":27},"end":{"line":350,"column":67}},"115":{"start":{"line":352,"column":8},"end":{"line":352,"column":43}},"116":{"start":{"line":354,"column":8},"end":{"line":358,"column":null}},"117":{"start":{"line":355,"column":12},"end":{"line":357,"column":null}},"118":{"start":{"line":356,"column":16},"end":{"line":356,"column":38}},"119":{"start":{"line":359,"column":8},"end":{"line":359,"column":24}},"120":{"start":{"line":369,"column":14},"end":{"line":379,"column":null}},"121":{"start":{"line":371,"column":8},"end":{"line":371,"column":55}},"122":{"start":{"line":373,"column":8},"end":{"line":377,"column":null}},"123":{"start":{"line":373,"column":26},"end":{"line":373,"column":32}},"124":{"start":{"line":373,"column":22},"end":{"line":373,"column":26}},"125":{"start":{"line":374,"column":12},"end":{"line":376,"column":null}},"126":{"start":{"line":375,"column":16},"end":{"line":375,"column":29}},"127":{"start":{"line":378,"column":8},"end":{"line":378,"column":20}},"128":{"start":{"line":389,"column":14},"end":{"line":397,"column":null}},"129":{"start":{"line":391,"column":8},"end":{"line":395,"column":null}},"130":{"start":{"line":391,"column":30},"end":{"line":391,"column":40}},"131":{"start":{"line":391,"column":26},"end":{"line":391,"column":30}},"132":{"start":{"line":392,"column":12},"end":{"line":394,"column":null}},"133":{"start":{"line":393,"column":16},"end":{"line":393,"column":29}},"134":{"start":{"line":396,"column":8},"end":{"line":396,"column":20}},"135":{"start":{"line":405,"column":14},"end":{"line":414,"column":null}},"136":{"start":{"line":407,"column":8},"end":{"line":412,"column":null}},"137":{"start":{"line":408,"column":12},"end":{"line":411,"column":14}},"138":{"start":{"line":413,"column":8},"end":{"line":413,"column":37}},"139":{"start":{"line":429,"column":11},"end":{"line":431,"column":null}},"140":{"start":{"line":430,"column":8},"end":{"line":430,"column":18}},"141":{"start":{"line":438,"column":11},"end":{"line":440,"column":null}},"142":{"start":{"line":439,"column":8},"end":{"line":439,"column":33}},"143":{"start":{"line":448,"column":11},"end":{"line":457,"column":null}},"144":{"start":{"line":449,"column":23},"end":{"line":449,"column":25}},"145":{"start":{"line":451,"column":8},"end":{"line":454,"column":null}},"146":{"start":{"line":452,"column":30},"end":{"line":452,"column":51}},"147":{"start":{"line":453,"column":12},"end":{"line":453,"column":69}},"148":{"start":{"line":456,"column":8},"end":{"line":456,"column":22}},"149":{"start":{"line":467,"column":11},"end":{"line":475,"column":null}},"150":{"start":{"line":468,"column":8},"end":{"line":470,"column":null}},"151":{"start":{"line":469,"column":12},"end":{"line":469,"column":61}},"152":{"start":{"line":471,"column":8},"end":{"line":473,"column":null}},"153":{"start":{"line":472,"column":12},"end":{"line":472,"column":74}},"154":{"start":{"line":474,"column":8},"end":{"line":474,"column":42}},"155":{"start":{"line":482,"column":11},"end":{"line":487,"column":null}},"156":{"start":{"line":483,"column":8},"end":{"line":485,"column":null}},"157":{"start":{"line":484,"column":12},"end":{"line":484,"column":81}},"158":{"start":{"line":486,"column":8},"end":{"line":486,"column":37}},"159":{"start":{"line":497,"column":11},"end":{"line":505,"column":null}},"160":{"start":{"line":497,"column":4},"end":{"line":497,"column":11}},"161":{"start":{"line":499,"column":8},"end":{"line":499,"column":42}},"162":{"start":{"line":501,"column":8},"end":{"line":504,"column":11}},"163":{"start":{"line":502,"column":12},"end":{"line":502,"column":40}},"164":{"start":{"line":503,"column":12},"end":{"line":503,"column":41}},"165":{"start":{"line":512,"column":14},"end":{"line":518,"column":null}},"166":{"start":{"line":513,"column":21},"end":{"line":513,"column":43}},"167":{"start":{"line":515,"column":8},"end":{"line":517,"column":null}},"168":{"start":{"line":516,"column":12},"end":{"line":516,"column":47}},"169":{"start":{"line":526,"column":14},"end":{"line":532,"column":null}},"170":{"start":{"line":526,"column":4},"end":{"line":526,"column":14}},"171":{"start":{"line":527,"column":8},"end":{"line":531,"column":11}},"172":{"start":{"line":527,"column":44},"end":{"line":527,"column":62}},"173":{"start":{"line":528,"column":12},"end":{"line":528,"column":80}},"174":{"start":{"line":530,"column":12},"end":{"line":530,"column":54}},"175":{"start":{"line":539,"column":14},"end":{"line":541,"column":null}},"176":{"start":{"line":540,"column":8},"end":{"line":540,"column":35}},"177":{"start":{"line":548,"column":14},"end":{"line":550,"column":null}},"178":{"start":{"line":549,"column":8},"end":{"line":549,"column":37}},"179":{"start":{"line":557,"column":14},"end":{"line":559,"column":null}},"180":{"start":{"line":558,"column":8},"end":{"line":558,"column":37}},"181":{"start":{"line":566,"column":14},"end":{"line":568,"column":null}},"182":{"start":{"line":567,"column":8},"end":{"line":567,"column":34}},"183":{"start":{"line":575,"column":11},"end":{"line":577,"column":null}},"184":{"start":{"line":576,"column":8},"end":{"line":576,"column":50}},"185":{"start":{"line":578,"column":0},"end":{"line":578,"column":null}},"186":{"start":{"line":18,"column":13},"end":{"line":18,"column":19}}},"fnMap":{"0":{"name":"(anonymous_21)","decl":{"start":{"line":18,"column":0},"end":{"line":18,"column":13}},"loc":{"start":{"line":18,"column":0},"end":{"line":578,"column":null}}},"1":{"name":"Router","decl":{"start":{"line":82,"column":4},"end":{"line":82,"column":16}},"loc":{"start":{"line":82,"column":31},"end":{"line":89,"column":5}}},"2":{"name":"(anonymous_23)","decl":{"start":{"line":96,"column":4},"end":{"line":96,"column":14}},"loc":{"start":{"line":96,"column":4},"end":{"line":98,"column":5}}},"3":{"name":"(anonymous_24)","decl":{"start":{"line":105,"column":4},"end":{"line":105,"column":14}},"loc":{"start":{"line":105,"column":4},"end":{"line":107,"column":5}}},"4":{"name":"(anonymous_25)","decl":{"start":{"line":118,"column":4},"end":{"line":118,"column":17}},"loc":{"start":{"line":118,"column":62},"end":{"line":135,"column":null}}},"5":{"name":"(anonymous_28)","decl":{"start":{"line":145,"column":4},"end":{"line":145,"column":14}},"loc":{"start":{"line":145,"column":80},"end":{"line":156,"column":5}}},"6":{"name":"(anonymous_29)","decl":{"start":{"line":165,"column":4},"end":{"line":165,"column":20}},"loc":{"start":{"line":165,"column":80},"end":{"line":173,"column":null}}},"7":{"name":"(anonymous_32)","decl":{"start":{"line":185,"column":4},"end":{"line":185,"column":18}},"loc":{"start":{"line":185,"column":69},"end":{"line":190,"column":null}}},"8":{"name":"(anonymous_35)","decl":{"start":{"line":199,"column":4},"end":{"line":199,"column":12}},"loc":{"start":{"line":199,"column":48},"end":{"line":210,"column":5}}},"9":{"name":"(anonymous_36)","decl":{"start":{"line":202,"column":12},"end":{"line":202,"column":13}},"loc":{"start":{"line":202,"column":49},"end":{"line":209,"column":13}}},"10":{"name":"(anonymous_37)","decl":{"start":{"line":217,"column":4},"end":{"line":217,"column":12}},"loc":{"start":{"line":217,"column":57},"end":{"line":227,"column":5}}},"11":{"name":"(anonymous_38)","decl":{"start":{"line":219,"column":15},"end":{"line":219,"column":22}},"loc":{"start":{"line":219,"column":36},"end":{"line":226,"column":10}}},"12":{"name":"(anonymous_39)","decl":{"start":{"line":219,"column":36},"end":{"line":219,"column":null}},"loc":{"start":{"line":219,"column":36},"end":{"line":226,"column":10}}},"13":{"name":"(anonymous_41)","decl":{"start":{"line":236,"column":4},"end":{"line":236,"column":12}},"loc":{"start":{"line":236,"column":69},"end":{"line":246,"column":5}}},"14":{"name":"(anonymous_42)","decl":{"start":{"line":253,"column":4},"end":{"line":253,"column":12}},"loc":{"start":{"line":253,"column":51},"end":{"line":259,"column":5}}},"15":{"name":"(anonymous_43)","decl":{"start":{"line":268,"column":4},"end":{"line":268,"column":14}},"loc":{"start":{"line":268,"column":65},"end":{"line":280,"column":5}}},"16":{"name":"(anonymous_44)","decl":{"start":{"line":270,"column":15},"end":{"line":270,"column":22}},"loc":{"start":{"line":270,"column":30},"end":{"line":279,"column":null}}},"17":{"name":"(anonymous_45)","decl":{"start":{"line":270,"column":30},"end":{"line":270,"column":null}},"loc":{"start":{"line":270,"column":30},"end":{"line":279,"column":null}}},"18":{"name":"(anonymous_47)","decl":{"start":{"line":287,"column":4},"end":{"line":287,"column":14}},"loc":{"start":{"line":287,"column":50},"end":{"line":294,"column":5}}},"19":{"name":"(anonymous_48)","decl":{"start":{"line":302,"column":4},"end":{"line":302,"column":12}},"loc":{"start":{"line":302,"column":45},"end":{"line":309,"column":5}}},"20":{"name":"(anonymous_49)","decl":{"start":{"line":317,"column":4},"end":{"line":317,"column":11}},"loc":{"start":{"line":317,"column":42},"end":{"line":339,"column":5}}},"21":{"name":"(anonymous_50)","decl":{"start":{"line":347,"column":4},"end":{"line":347,"column":12}},"loc":{"start":{"line":347,"column":67},"end":{"line":360,"column":5}}},"22":{"name":"(anonymous_51)","decl":{"start":{"line":369,"column":4},"end":{"line":369,"column":14}},"loc":{"start":{"line":369,"column":68},"end":{"line":379,"column":5}}},"23":{"name":"(anonymous_52)","decl":{"start":{"line":389,"column":4},"end":{"line":389,"column":14}},"loc":{"start":{"line":389,"column":90},"end":{"line":397,"column":5}}},"24":{"name":"(anonymous_53)","decl":{"start":{"line":405,"column":4},"end":{"line":405,"column":14}},"loc":{"start":{"line":405,"column":4},"end":{"line":414,"column":5}}},"25":{"name":"(anonymous_54)","decl":{"start":{"line":429,"column":4},"end":{"line":429,"column":11}},"loc":{"start":{"line":429,"column":4},"end":{"line":431,"column":5}}},"26":{"name":"(anonymous_55)","decl":{"start":{"line":438,"column":4},"end":{"line":438,"column":11}},"loc":{"start":{"line":438,"column":4},"end":{"line":440,"column":5}}},"27":{"name":"(anonymous_56)","decl":{"start":{"line":448,"column":4},"end":{"line":448,"column":11}},"loc":{"start":{"line":448,"column":4},"end":{"line":457,"column":5}}},"28":{"name":"(anonymous_57)","decl":{"start":{"line":467,"column":4},"end":{"line":467,"column":11}},"loc":{"start":{"line":467,"column":64},"end":{"line":475,"column":5}}},"29":{"name":"(anonymous_58)","decl":{"start":{"line":482,"column":4},"end":{"line":482,"column":11}},"loc":{"start":{"line":482,"column":39},"end":{"line":487,"column":5}}},"30":{"name":"(anonymous_59)","decl":{"start":{"line":497,"column":4},"end":{"line":497,"column":11}},"loc":{"start":{"line":497,"column":4},"end":{"line":505,"column":5}}},"31":{"name":"(anonymous_60)","decl":{"start":{"line":501,"column":38},"end":{"line":501,"column":43}},"loc":{"start":{"line":501,"column":43},"end":{"line":504,"column":9}}},"32":{"name":"(anonymous_61)","decl":{"start":{"line":512,"column":4},"end":{"line":512,"column":14}},"loc":{"start":{"line":512,"column":43},"end":{"line":518,"column":5}}},"33":{"name":"(anonymous_62)","decl":{"start":{"line":526,"column":4},"end":{"line":526,"column":14}},"loc":{"start":{"line":526,"column":44},"end":{"line":532,"column":5}}},"34":{"name":"(anonymous_63)","decl":{"start":{"line":527,"column":34},"end":{"line":527,"column":40}},"loc":{"start":{"line":527,"column":40},"end":{"line":527,"column":50}}},"35":{"name":"(anonymous_64)","decl":{"start":{"line":527,"column":71},"end":{"line":527,"column":77}},"loc":{"start":{"line":527,"column":77},"end":{"line":531,"column":9}}},"36":{"name":"(anonymous_65)","decl":{"start":{"line":539,"column":4},"end":{"line":539,"column":14}},"loc":{"start":{"line":539,"column":4},"end":{"line":541,"column":5}}},"37":{"name":"(anonymous_66)","decl":{"start":{"line":548,"column":4},"end":{"line":548,"column":14}},"loc":{"start":{"line":548,"column":4},"end":{"line":550,"column":5}}},"38":{"name":"(anonymous_67)","decl":{"start":{"line":557,"column":4},"end":{"line":557,"column":14}},"loc":{"start":{"line":557,"column":4},"end":{"line":559,"column":5}}},"39":{"name":"(anonymous_68)","decl":{"start":{"line":566,"column":4},"end":{"line":566,"column":14}},"loc":{"start":{"line":566,"column":4},"end":{"line":568,"column":5}}},"40":{"name":"(anonymous_69)","decl":{"start":{"line":575,"column":4},"end":{"line":575,"column":11}},"loc":{"start":{"line":575,"column":37},"end":{"line":577,"column":5}}}},"branchMap":{"0":{"loc":{"start":{"line":83,"column":8},"end":{"line":83,"column":15}},"type":"binary-expr","locations":[{"start":{"line":83,"column":8},"end":{"line":83,"column":15}},{"start":{"line":83,"column":15},"end":{"line":83,"column":null}}]},"1":{"loc":{"start":{"line":134,"column":8},"end":{"line":134,"column":24}},"type":"switch","locations":[{"start":{"line":134,"column":8},"end":{"line":134,"column":24}}]},"2":{"loc":{"start":{"line":148,"column":8},"end":{"line":154,"column":null}},"type":"if","locations":[{"start":{"line":148,"column":8},"end":{"line":154,"column":null}},{"start":{"line":148,"column":8},"end":{"line":154,"column":null}}]},"3":{"loc":{"start":{"line":170,"column":8},"end":{"line":172,"column":43}},"type":"switch","locations":[{"start":{"line":170,"column":8},"end":{"line":172,"column":43}}]},"4":{"loc":{"start":{"line":168,"column":29},"end":{"line":168,"column":57}},"type":"cond-expr","locations":[{"start":{"line":168,"column":29},"end":{"line":168,"column":57}},{"start":{"line":168,"column":60},"end":{"line":168,"column":95}}]},"5":{"loc":{"start":{"line":189,"column":8},"end":{"line":189,"column":68}},"type":"switch","locations":[{"start":{"line":189,"column":8},"end":{"line":189,"column":68}}]},"6":{"loc":{"start":{"line":205,"column":16},"end":{"line":207,"column":null}},"type":"if","locations":[{"start":{"line":205,"column":16},"end":{"line":207,"column":null}},{"start":{"line":205,"column":16},"end":{"line":207,"column":null}}]},"7":{"loc":{"start":{"line":225,"column":12},"end":{"line":225,"column":null}},"type":"switch","locations":[{"start":{"line":225,"column":12},"end":{"line":225,"column":null}}]},"8":{"loc":{"start":{"line":222,"column":12},"end":{"line":224,"column":null}},"type":"if","locations":[{"start":{"line":222,"column":12},"end":{"line":224,"column":null}},{"start":{"line":222,"column":12},"end":{"line":224,"column":null}}]},"9":{"loc":{"start":{"line":242,"column":8},"end":{"line":244,"column":null}},"type":"if","locations":[{"start":{"line":242,"column":8},"end":{"line":244,"column":null}},{"start":{"line":242,"column":8},"end":{"line":244,"column":null}}]},"10":{"loc":{"start":{"line":242,"column":12},"end":{"line":242,"column":36}},"type":"binary-expr","locations":[{"start":{"line":242,"column":12},"end":{"line":242,"column":36}},{"start":{"line":242,"column":40},"end":{"line":242,"column":70}}]},"11":{"loc":{"start":{"line":258,"column":42},"end":{"line":258,"column":59}},"type":"cond-expr","locations":[{"start":{"line":258,"column":42},"end":{"line":258,"column":59}},{"start":{"line":258,"column":62},"end":{"line":258,"column":64}}]},"12":{"loc":{"start":{"line":278,"column":12},"end":{"line":278,"column":82}},"type":"switch","locations":[{"start":{"line":278,"column":12},"end":{"line":278,"column":82}}]},"13":{"loc":{"start":{"line":273,"column":12},"end":{"line":275,"column":null}},"type":"if","locations":[{"start":{"line":273,"column":12},"end":{"line":275,"column":null}},{"start":{"line":273,"column":12},"end":{"line":275,"column":null}}]},"14":{"loc":{"start":{"line":303,"column":33},"end":{"line":303,"column":58}},"type":"binary-expr","locations":[{"start":{"line":303,"column":33},"end":{"line":303,"column":58}},{"start":{"line":303,"column":62},"end":{"line":303,"column":64}}]},"15":{"loc":{"start":{"line":320,"column":46},"end":{"line":320,"column":51}},"type":"cond-expr","locations":[{"start":{"line":320,"column":46},"end":{"line":320,"column":51}},{"start":{"line":320,"column":54},"end":{"line":320,"column":64}}]},"16":{"loc":{"start":{"line":324,"column":8},"end":{"line":326,"column":null}},"type":"if","locations":[{"start":{"line":324,"column":8},"end":{"line":326,"column":null}},{"start":{"line":324,"column":8},"end":{"line":326,"column":null}}]},"17":{"loc":{"start":{"line":330,"column":8},"end":{"line":336,"column":null}},"type":"if","locations":[{"start":{"line":330,"column":8},"end":{"line":336,"column":null}},{"start":{"line":330,"column":8},"end":{"line":336,"column":null}}]},"18":{"loc":{"start":{"line":355,"column":12},"end":{"line":357,"column":null}},"type":"if","locations":[{"start":{"line":355,"column":12},"end":{"line":357,"column":null}},{"start":{"line":355,"column":12},"end":{"line":357,"column":null}}]},"19":{"loc":{"start":{"line":374,"column":12},"end":{"line":376,"column":null}},"type":"if","locations":[{"start":{"line":374,"column":12},"end":{"line":376,"column":null}},{"start":{"line":374,"column":12},"end":{"line":376,"column":null}}]},"20":{"loc":{"start":{"line":392,"column":12},"end":{"line":394,"column":null}},"type":"if","locations":[{"start":{"line":392,"column":12},"end":{"line":394,"column":null}},{"start":{"line":392,"column":12},"end":{"line":394,"column":null}}]},"21":{"loc":{"start":{"line":407,"column":8},"end":{"line":412,"column":null}},"type":"if","locations":[{"start":{"line":407,"column":8},"end":{"line":412,"column":null}},{"start":{"line":407,"column":8},"end":{"line":412,"column":null}}]},"22":{"loc":{"start":{"line":468,"column":8},"end":{"line":470,"column":null}},"type":"if","locations":[{"start":{"line":468,"column":8},"end":{"line":470,"column":null}},{"start":{"line":468,"column":8},"end":{"line":470,"column":null}}]},"23":{"loc":{"start":{"line":471,"column":8},"end":{"line":473,"column":null}},"type":"if","locations":[{"start":{"line":471,"column":8},"end":{"line":473,"column":null}},{"start":{"line":471,"column":8},"end":{"line":473,"column":null}}]},"24":{"loc":{"start":{"line":483,"column":8},"end":{"line":485,"column":null}},"type":"if","locations":[{"start":{"line":483,"column":8},"end":{"line":485,"column":null}},{"start":{"line":483,"column":8},"end":{"line":485,"column":null}}]},"25":{"loc":{"start":{"line":515,"column":8},"end":{"line":517,"column":null}},"type":"if","locations":[{"start":{"line":515,"column":8},"end":{"line":517,"column":null}},{"start":{"line":515,"column":8},"end":{"line":517,"column":null}}]},"26":{"loc":{"start":{"line":528,"column":44},"end":{"line":528,"column":73}},"type":"binary-expr","locations":[{"start":{"line":528,"column":44},"end":{"line":528,"column":73}},{"start":{"line":528,"column":77},"end":{"line":528,"column":79}}]},"27":{"loc":{"start":{"line":576,"column":15},"end":{"line":576,"column":41}},"type":"binary-expr","locations":[{"start":{"line":576,"column":15},"end":{"line":576,"column":41}},{"start":{"line":576,"column":45},"end":{"line":576,"column":49}}]}},"s":{"0":3,"1":3,"2":3,"3":3,"4":3,"5":3,"6":3,"7":3,"8":3,"9":3,"10":3,"11":3,"12":3,"13":3,"14":0,"15":0,"16":0,"17":0,"18":0,"19":0,"20":0,"21":0,"22":0,"23":0,"24":3,"25":0,"26":3,"27":0,"28":3,"29":0,"30":0,"31":0,"32":0,"33":0,"34":3,"35":0,"36":0,"37":0,"38":0,"39":0,"40":0,"41":3,"42":0,"43":0,"44":0,"45":3,"46":0,"47":0,"48":0,"49":3,"50":0,"51":0,"52":0,"53":0,"54":0,"55":0,"56":3,"57":0,"58":0,"59":0,"60":0,"61":0,"62":0,"63":0,"64":0,"65":0,"66":0,"67":3,"68":0,"69":0,"70":0,"71":0,"72":0,"73":0,"74":0,"75":3,"76":0,"77":0,"78":0,"79":0,"80":0,"81":3,"82":0,"83":0,"84":0,"85":0,"86":0,"87":0,"88":0,"89":0,"90":0,"91":3,"92":0,"93":0,"94":0,"95":0,"96":0,"97":3,"98":0,"99":0,"100":0,"101":0,"102":3,"103":0,"104":0,"105":0,"106":0,"107":0,"108":0,"109":0,"110":0,"111":0,"112":3,"113":0,"114":0,"115":0,"116":0,"117":0,"118":0,"119":0,"120":3,"121":0,"122":0,"123":0,"124":0,"125":0,"126":0,"127":0,"128":3,"129":0,"130":0,"131":0,"132":0,"133":0,"134":0,"135":3,"136":0,"137":0,"138":0,"139":3,"140":0,"141":3,"142":0,"143":3,"144":0,"145":0,"146":0,"147":0,"148":0,"149":3,"150":0,"151":0,"152":0,"153":0,"154":0,"155":3,"156":0,"157":0,"158":0,"159":3,"160":0,"161":0,"162":0,"163":0,"164":0,"165":3,"166":0,"167":0,"168":0,"169":3,"170":0,"171":0,"172":0,"173":0,"174":0,"175":3,"176":0,"177":3,"178":0,"179":3,"180":0,"181":3,"182":0,"183":3,"184":0,"185":3,"186":3},"f":{"0":3,"1":0,"2":0,"3":0,"4":0,"5":0,"6":0,"7":0,"8":0,"9":0,"10":0,"11":0,"12":0,"13":0,"14":0,"15":0,"16":0,"17":0,"18":0,"19":0,"20":0,"21":0,"22":0,"23":0,"24":0,"25":0,"26":0,"27":0,"28":0,"29":0,"30":0,"31":0,"32":0,"33":0,"34":0,"35":0,"36":0,"37":0,"38":0,"39":0,"40":0},"b":{"0":[0,0],"1":[0],"2":[0,0],"3":[0],"4":[0,0],"5":[0],"6":[0,0],"7":[0],"8":[0,0],"9":[0,0],"10":[0,0],"11":[0,0],"12":[0],"13":[0,0],"14":[0,0],"15":[0,0],"16":[0,0],"17":[0,0],"18":[0,0],"19":[0,0],"20":[0,0],"21":[0,0],"22":[0,0],"23":[0,0],"24":[0,0],"25":[0,0],"26":[0,0],"27":[0,0]}}
,"/Users/kaleshkaladharan/Desktop/vscode/rheas/routing/src/uri/baseComponent.ts": {"path":"/Users/kaleshkaladharan/Desktop/vscode/rheas/routing/src/uri/baseComponent.ts","statementMap":{"0":{"start":{"line":3,"column":0},"end":{"line":3,"column":13}},"1":{"start":{"line":20,"column":8},"end":{"line":20,"column":37}},"2":{"start":{"line":28,"column":11},"end":{"line":30,"column":null}},"3":{"start":{"line":29,"column":8},"end":{"line":29,"column":null}},"4":{"start":{"line":39,"column":11},"end":{"line":44,"column":null}},"5":{"start":{"line":40,"column":8},"end":{"line":42,"column":null}},"6":{"start":{"line":41,"column":12},"end":{"line":41,"column":25}},"7":{"start":{"line":43,"column":8},"end":{"line":43,"column":63}},"8":{"start":{"line":46,"column":0},"end":{"line":46,"column":null}},"9":{"start":{"line":3,"column":13},"end":{"line":3,"column":25}}},"fnMap":{"0":{"name":"(anonymous_0)","decl":{"start":{"line":3,"column":0},"end":{"line":3,"column":13}},"loc":{"start":{"line":3,"column":0},"end":{"line":46,"column":null}}},"1":{"name":"UriComponent","decl":{"start":{"line":19,"column":4},"end":{"line":19,"column":16}},"loc":{"start":{"line":19,"column":34},"end":{"line":21,"column":5}}},"2":{"name":"(anonymous_2)","decl":{"start":{"line":28,"column":4},"end":{"line":28,"column":11}},"loc":{"start":{"line":28,"column":4},"end":{"line":30,"column":5}}},"3":{"name":"(anonymous_3)","decl":{"start":{"line":39,"column":4},"end":{"line":39,"column":11}},"loc":{"start":{"line":39,"column":45},"end":{"line":44,"column":5}}}},"branchMap":{"0":{"loc":{"start":{"line":40,"column":8},"end":{"line":42,"column":null}},"type":"if","locations":[{"start":{"line":40,"column":8},"end":{"line":42,"column":null}},{"start":{"line":40,"column":8},"end":{"line":42,"column":null}}]},"1":{"loc":{"start":{"line":40,"column":12},"end":{"line":40,"column":33}},"type":"binary-expr","locations":[{"start":{"line":40,"column":12},"end":{"line":40,"column":33}},{"start":{"line":40,"column":37},"end":{"line":40,"column":60}}]}},"s":{"0":3,"1":36,"2":3,"3":77,"4":3,"5":0,"6":0,"7":0,"8":3,"9":3},"f":{"0":3,"1":36,"2":77,"3":0},"b":{"0":[0,0],"1":[0,0]}}
,"/Users/kaleshkaladharan/Desktop/vscode/rheas/routing/src/uri/routeFixedComponent.ts": {"path":"/Users/kaleshkaladharan/Desktop/vscode/rheas/routing/src/uri/routeFixedComponent.ts","statementMap":{"0":{"start":{"line":1,"column":0},"end":{"line":1,"column":47}},"1":{"start":{"line":4,"column":0},"end":{"line":4,"column":null}},"2":{"start":{"line":4,"column":36},"end":{"line":4,"column":48}},"3":{"start":{"line":14,"column":8},"end":{"line":14,"column":null}},"4":{"start":{"line":16,"column":8},"end":{"line":16,"column":52}},"5":{"start":{"line":28,"column":12},"end":{"line":30,"column":null}},"6":{"start":{"line":29,"column":8},"end":{"line":29,"column":75}},"7":{"start":{"line":39,"column":11},"end":{"line":46,"column":null}},"8":{"start":{"line":40,"column":8},"end":{"line":42,"column":null}},"9":{"start":{"line":41,"column":12},"end":{"line":41,"column":25}},"10":{"start":{"line":43,"column":8},"end":{"line":45,"column":10}},"11":{"start":{"line":47,"column":0},"end":{"line":47,"column":null}},"12":{"start":{"line":4,"column":13},"end":{"line":4,"column":27}}},"fnMap":{"0":{"name":"(anonymous_6)","decl":{"start":{"line":4,"column":0},"end":{"line":4,"column":13}},"loc":{"start":{"line":4,"column":0},"end":{"line":47,"column":null}}},"1":{"name":"FixedComponent","decl":{"start":{"line":13,"column":4},"end":{"line":13,"column":16}},"loc":{"start":{"line":13,"column":33},"end":{"line":17,"column":5}}},"2":{"name":"(anonymous_8)","decl":{"start":{"line":28,"column":4},"end":{"line":28,"column":12}},"loc":{"start":{"line":28,"column":4},"end":{"line":30,"column":5}}},"3":{"name":"(anonymous_9)","decl":{"start":{"line":39,"column":4},"end":{"line":39,"column":11}},"loc":{"start":{"line":39,"column":45},"end":{"line":46,"column":5}}}},"branchMap":{"0":{"loc":{"start":{"line":14,"column":8},"end":{"line":14,"column":24}},"type":"binary-expr","locations":[{"start":{"line":14,"column":8},"end":{"line":14,"column":24}},{"start":{"line":14,"column":24},"end":{"line":14,"column":null}}]},"1":{"loc":{"start":{"line":40,"column":8},"end":{"line":42,"column":null}},"type":"if","locations":[{"start":{"line":40,"column":8},"end":{"line":42,"column":null}},{"start":{"line":40,"column":8},"end":{"line":42,"column":null}}]},"2":{"loc":{"start":{"line":40,"column":12},"end":{"line":40,"column":33}},"type":"binary-expr","locations":[{"start":{"line":40,"column":12},"end":{"line":40,"column":33}},{"start":{"line":40,"column":37},"end":{"line":40,"column":60}}]},"3":{"loc":{"start":{"line":43,"column":16},"end":{"line":43,"column":63}},"type":"binary-expr","locations":[{"start":{"line":43,"column":16},"end":{"line":43,"column":63}},{"start":{"line":44,"column":13},"end":{"line":44,"column":30}},{"start":{"line":44,"column":34},"end":{"line":44,"column":101}}]}},"s":{"0":3,"1":3,"2":3,"3":21,"4":21,"5":3,"6":21,"7":3,"8":12,"9":2,"10":10,"11":3,"12":3},"f":{"0":3,"1":21,"2":21,"3":12},"b":{"0":[21,21],"1":[2,10],"2":[12,11],"3":[10,8,3]}}
,"/Users/kaleshkaladharan/Desktop/vscode/rheas/routing/src/uri/routeParamComponent.ts": {"path":"/Users/kaleshkaladharan/Desktop/vscode/rheas/routing/src/uri/routeParamComponent.ts","statementMap":{"0":{"start":{"line":1,"column":0},"end":{"line":1,"column":37}},"1":{"start":{"line":2,"column":0},"end":{"line":2,"column":47}},"2":{"start":{"line":5,"column":0},"end":{"line":5,"column":null}},"3":{"start":{"line":5,"column":36},"end":{"line":5,"column":48}},"4":{"start":{"line":22,"column":8},"end":{"line":22,"column":null}},"5":{"start":{"line":24,"column":8},"end":{"line":24,"column":49}},"6":{"start":{"line":33,"column":11},"end":{"line":35,"column":null}},"7":{"start":{"line":34,"column":8},"end":{"line":34,"column":30}},"8":{"start":{"line":43,"column":11},"end":{"line":45,"column":null}},"9":{"start":{"line":44,"column":8},"end":{"line":44,"column":71}},"10":{"start":{"line":55,"column":11},"end":{"line":64,"column":null}},"11":{"start":{"line":57,"column":8},"end":{"line":59,"column":null}},"12":{"start":{"line":58,"column":12},"end":{"line":58,"column":37}},"13":{"start":{"line":63,"column":8},"end":{"line":63,"column":73}},"14":{"start":{"line":65,"column":0},"end":{"line":65,"column":null}},"15":{"start":{"line":5,"column":13},"end":{"line":5,"column":27}}},"fnMap":{"0":{"name":"(anonymous_6)","decl":{"start":{"line":5,"column":0},"end":{"line":5,"column":13}},"loc":{"start":{"line":5,"column":0},"end":{"line":65,"column":null}}},"1":{"name":"ParamComponent","decl":{"start":{"line":21,"column":4},"end":{"line":21,"column":16}},"loc":{"start":{"line":21,"column":33},"end":{"line":25,"column":5}}},"2":{"name":"(anonymous_8)","decl":{"start":{"line":33,"column":4},"end":{"line":33,"column":11}},"loc":{"start":{"line":33,"column":4},"end":{"line":35,"column":5}}},"3":{"name":"(anonymous_9)","decl":{"start":{"line":43,"column":4},"end":{"line":43,"column":11}},"loc":{"start":{"line":43,"column":4},"end":{"line":45,"column":5}}},"4":{"name":"(anonymous_10)","decl":{"start":{"line":55,"column":4},"end":{"line":55,"column":11}},"loc":{"start":{"line":55,"column":45},"end":{"line":64,"column":5}}}},"branchMap":{"0":{"loc":{"start":{"line":22,"column":8},"end":{"line":22,"column":24}},"type":"binary-expr","locations":[{"start":{"line":22,"column":8},"end":{"line":22,"column":24}},{"start":{"line":22,"column":24},"end":{"line":22,"column":null}}]},"1":{"loc":{"start":{"line":57,"column":8},"end":{"line":59,"column":null}},"type":"if","locations":[{"start":{"line":57,"column":8},"end":{"line":59,"column":null}},{"start":{"line":57,"column":8},"end":{"line":59,"column":null}}]},"2":{"loc":{"start":{"line":57,"column":12},"end":{"line":57,"column":33}},"type":"binary-expr","locations":[{"start":{"line":57,"column":12},"end":{"line":57,"column":33}},{"start":{"line":57,"column":37},"end":{"line":57,"column":60}}]},"3":{"loc":{"start":{"line":63,"column":15},"end":{"line":63,"column":51}},"type":"binary-expr","locations":[{"start":{"line":63,"column":15},"end":{"line":63,"column":51}},{"start":{"line":63,"column":55},"end":{"line":63,"column":72}}]}},"s":{"0":3,"1":3,"2":3,"3":3,"4":15,"5":15,"6":3,"7":4,"8":3,"9":3,"10":3,"11":8,"12":2,"13":6,"14":3,"15":3},"f":{"0":3,"1":15,"2":4,"3":3,"4":8},"b":{"0":[15,15],"1":[2,6],"2":[8,8],"3":[6,2]}}
,"/Users/kaleshkaladharan/Desktop/vscode/rheas/routing/src/uri/uriComponentFactory.ts": {"path":"/Users/kaleshkaladharan/Desktop/vscode/rheas/routing/src/uri/uriComponentFactory.ts","statementMap":{"0":{"start":{"line":2,"column":0},"end":{"line":2,"column":55}},"1":{"start":{"line":3,"column":0},"end":{"line":3,"column":55}},"2":{"start":{"line":6,"column":0},"end":{"line":6,"column":13}},"3":{"start":{"line":13,"column":19},"end":{"line":18,"column":null}},"4":{"start":{"line":14,"column":8},"end":{"line":16,"column":null}},"5":{"start":{"line":15,"column":12},"end":{"line":15,"column":49}},"6":{"start":{"line":17,"column":8},"end":{"line":17,"column":45}},"7":{"start":{"line":25,"column":18},"end":{"line":30,"column":null}},"8":{"start":{"line":27,"column":8},"end":{"line":29,"column":10}},"9":{"start":{"line":28,"column":25},"end":{"line":28,"column":null}},"10":{"start":{"line":37,"column":18},"end":{"line":43,"column":null}},"11":{"start":{"line":38,"column":20},"end":{"line":38,"column":37}},"12":{"start":{"line":40,"column":8},"end":{"line":42,"column":10}},"13":{"start":{"line":41,"column":25},"end":{"line":41,"column":null}},"14":{"start":{"line":44,"column":0},"end":{"line":44,"column":null}},"15":{"start":{"line":6,"column":13},"end":{"line":6,"column":29}}},"fnMap":{"0":{"name":"(anonymous_0)","decl":{"start":{"line":6,"column":0},"end":{"line":6,"column":13}},"loc":{"start":{"line":6,"column":0},"end":{"line":44,"column":null}}},"1":{"name":"(anonymous_2)","decl":{"start":{"line":13,"column":4},"end":{"line":13,"column":19}},"loc":{"start":{"line":13,"column":56},"end":{"line":18,"column":5}}},"2":{"name":"(anonymous_3)","decl":{"start":{"line":25,"column":4},"end":{"line":25,"column":18}},"loc":{"start":{"line":25,"column":49},"end":{"line":30,"column":5}}},"3":{"name":"(anonymous_4)","decl":{"start":{"line":28,"column":12},"end":{"line":28,"column":21}},"loc":{"start":{"line":28,"column":21},"end":{"line":28,"column":41}}},"4":{"name":"(anonymous_5)","decl":{"start":{"line":37,"column":4},"end":{"line":37,"column":18}},"loc":{"start":{"line":37,"column":47},"end":{"line":43,"column":5}}},"5":{"name":"(anonymous_6)","decl":{"start":{"line":41,"column":12},"end":{"line":41,"column":21}},"loc":{"start":{"line":41,"column":21},"end":{"line":41,"column":41}}}},"branchMap":{"0":{"loc":{"start":{"line":14,"column":8},"end":{"line":16,"column":null}},"type":"if","locations":[{"start":{"line":14,"column":8},"end":{"line":16,"column":null}},{"start":{"line":14,"column":8},"end":{"line":16,"column":null}}]}},"s":{"0":3,"1":3,"2":3,"3":3,"4":10,"5":4,"6":6,"7":3,"8":0,"9":0,"10":3,"11":2,"12":2,"13":10,"14":3,"15":3},"f":{"0":3,"1":10,"2":0,"3":0,"4":2,"5":10},"b":{"0":[4,6]}}
,"/Users/kaleshkaladharan/Desktop/vscode/rheas/routing/src/validators/hostValidator.ts": {"path":"/Users/kaleshkaladharan/Desktop/vscode/rheas/routing/src/validators/hostValidator.ts","statementMap":{"0":{"start":{"line":4,"column":0},"end":{"line":4,"column":13}},"1":{"start":{"line":12,"column":11},"end":{"line":17,"column":null}},"2":{"start":{"line":13,"column":8},"end":{"line":15,"column":null}},"3":{"start":{"line":14,"column":12},"end":{"line":14,"column":24}},"4":{"start":{"line":16,"column":8},"end":{"line":16,"column":57}},"5":{"start":{"line":18,"column":0},"end":{"line":18,"column":null}},"6":{"start":{"line":4,"column":13},"end":{"line":4,"column":26}}},"fnMap":{"0":{"name":"(anonymous_0)","decl":{"start":{"line":4,"column":0},"end":{"line":4,"column":13}},"loc":{"start":{"line":4,"column":0},"end":{"line":18,"column":null}}},"1":{"name":"(anonymous_2)","decl":{"start":{"line":12,"column":4},"end":{"line":12,"column":11}},"loc":{"start":{"line":12,"column":51},"end":{"line":17,"column":5}}}},"branchMap":{"0":{"loc":{"start":{"line":13,"column":8},"end":{"line":15,"column":null}},"type":"if","locations":[{"start":{"line":13,"column":8},"end":{"line":15,"column":null}},{"start":{"line":13,"column":8},"end":{"line":15,"column":null}}]}},"s":{"0":3,"1":3,"2":0,"3":0,"4":0,"5":3,"6":3},"f":{"0":3,"1":0},"b":{"0":[0,0]}}
,"/Users/kaleshkaladharan/Desktop/vscode/rheas/routing/src/validators/methodValidator.ts": {"path":"/Users/kaleshkaladharan/Desktop/vscode/rheas/routing/src/validators/methodValidator.ts","statementMap":{"0":{"start":{"line":4,"column":0},"end":{"line":4,"column":13}},"1":{"start":{"line":12,"column":11},"end":{"line":14,"column":null}},"2":{"start":{"line":13,"column":8},"end":{"line":13,"column":64}},"3":{"start":{"line":15,"column":0},"end":{"line":15,"column":null}},"4":{"start":{"line":4,"column":13},"end":{"line":4,"column":28}}},"fnMap":{"0":{"name":"(anonymous_0)","decl":{"start":{"line":4,"column":0},"end":{"line":4,"column":13}},"loc":{"start":{"line":4,"column":0},"end":{"line":15,"column":null}}},"1":{"name":"(anonymous_2)","decl":{"start":{"line":12,"column":4},"end":{"line":12,"column":11}},"loc":{"start":{"line":12,"column":51},"end":{"line":14,"column":5}}}},"branchMap":{},"s":{"0":3,"1":3,"2":0,"3":3,"4":3},"f":{"0":3,"1":0},"b":{}}
,"/Users/kaleshkaladharan/Desktop/vscode/rheas/routing/src/validators/schemeValidator.ts": {"path":"/Users/kaleshkaladharan/Desktop/vscode/rheas/routing/src/validators/schemeValidator.ts","statementMap":{"0":{"start":{"line":4,"column":0},"end":{"line":4,"column":13}},"1":{"start":{"line":14,"column":11},"end":{"line":19,"column":null}},"2":{"start":{"line":15,"column":8},"end":{"line":17,"column":null}},"3":{"start":{"line":16,"column":12},"end":{"line":16,"column":39}},"4":{"start":{"line":18,"column":8},"end":{"line":18,"column":20}},"5":{"start":{"line":20,"column":0},"end":{"line":20,"column":null}},"6":{"start":{"line":4,"column":13},"end":{"line":4,"column":28}}},"fnMap":{"0":{"name":"(anonymous_0)","decl":{"start":{"line":4,"column":0},"end":{"line":4,"column":13}},"loc":{"start":{"line":4,"column":0},"end":{"line":20,"column":null}}},"1":{"name":"(anonymous_2)","decl":{"start":{"line":14,"column":4},"end":{"line":14,"column":11}},"loc":{"start":{"line":14,"column":51},"end":{"line":19,"column":5}}}},"branchMap":{"0":{"loc":{"start":{"line":15,"column":8},"end":{"line":17,"column":null}},"type":"if","locations":[{"start":{"line":15,"column":8},"end":{"line":17,"column":null}},{"start":{"line":15,"column":8},"end":{"line":17,"column":null}}]}},"s":{"0":3,"1":3,"2":0,"3":0,"4":0,"5":3,"6":3},"f":{"0":3,"1":0},"b":{"0":[0,0]}}
,"/Users/kaleshkaladharan/Desktop/vscode/rheas/routing/src/validators/uriValidator.ts": {"path":"/Users/kaleshkaladharan/Desktop/vscode/rheas/routing/src/validators/uriValidator.ts","statementMap":{"0":{"start":{"line":4,"column":0},"end":{"line":4,"column":13}},"1":{"start":{"line":12,"column":11},"end":{"line":25,"column":null}},"2":{"start":{"line":13,"column":32},"end":{"line":13,"column":56}},"3":{"start":{"line":14,"column":30},"end":{"line":14,"column":57}},"4":{"start":{"line":16,"column":8},"end":{"line":23,"column":null}},"5":{"start":{"line":16,"column":21},"end":{"line":16,"column":22}},"6":{"start":{"line":17,"column":12},"end":{"line":19,"column":null}},"7":{"start":{"line":18,"column":16},"end":{"line":18,"column":29}},"8":{"start":{"line":22,"column":12},"end":{"line":22,"column":82}},"9":{"start":{"line":24,"column":8},"end":{"line":24,"column":20}},"10":{"start":{"line":26,"column":0},"end":{"line":26,"column":null}},"11":{"start":{"line":4,"column":13},"end":{"line":4,"column":25}}},"fnMap":{"0":{"name":"(anonymous_0)","decl":{"start":{"line":4,"column":0},"end":{"line":4,"column":13}},"loc":{"start":{"line":4,"column":0},"end":{"line":26,"column":null}}},"1":{"name":"(anonymous_2)","decl":{"start":{"line":12,"column":4},"end":{"line":12,"column":11}},"loc":{"start":{"line":12,"column":51},"end":{"line":25,"column":5}}}},"branchMap":{"0":{"loc":{"start":{"line":17,"column":12},"end":{"line":19,"column":null}},"type":"if","locations":[{"start":{"line":17,"column":12},"end":{"line":19,"column":null}},{"start":{"line":17,"column":12},"end":{"line":19,"column":null}}]},"1":{"loc":{"start":{"line":22,"column":12},"end":{"line":22,"column":28}},"type":"binary-expr","locations":[{"start":{"line":22,"column":12},"end":{"line":22,"column":28}},{"start":{"line":22,"column":32},"end":{"line":22,"column":81}}]}},"s":{"0":3,"1":3,"2":0,"3":0,"4":0,"5":0,"6":0,"7":0,"8":0,"9":0,"10":3,"11":3},"f":{"0":3,"1":0},"b":{"0":[0,0],"1":[0,0]}}
}
