TN:
SF:src/index.ts
FNF:0
FNH:0
DA:1,3
DA:2,3
DA:3,3
DA:6,3
DA:7,3
DA:8,3
LF:6
LH:6
BRF:0
BRH:0
end_of_record
TN:
SF:src/requestPipeline.ts
FN:4,(anonymous_13)
FN:18,(anonymous_15)
FN:32,(anonymous_16)
FN:44,(anonymous_19)
FN:45,(anonymous_20)
FN:45,(anonymous_21)
FNF:6
FNH:1
FNDA:3,(anonymous_13)
FNDA:0,(anonymous_15)
FNDA:0,(anonymous_16)
FNDA:0,(anonymous_19)
FNDA:0,(anonymous_20)
FNDA:0,(anonymous_21)
DA:4,3
DA:11,0
DA:18,3
DA:19,0
DA:21,0
DA:32,3
DA:33,0
DA:35,0
DA:44,3
DA:45,0
DA:46,0
DA:49,3
LF:12
LH:5
BRDA:35,0,0,0
BRDA:46,1,0,0
BRDA:46,1,1,0
BRF:3
BRH:0
end_of_record
TN:
SF:src/route.ts
FN:6,(anonymous_1)
FN:120,Route
FN:129,(anonymous_3)
FN:139,(anonymous_4)
FN:149,(anonymous_5)
FN:159,(anonymous_6)
FN:169,(anonymous_7)
FN:179,(anonymous_8)
FN:189,(anonymous_9)
FN:199,(anonymous_10)
FN:208,(anonymous_11)
FN:220,(anonymous_12)
FN:221,(anonymous_13)
FN:235,(anonymous_14)
FN:255,(anonymous_15)
FN:266,(anonymous_16)
FN:282,(anonymous_17)
FN:306,(anonymous_18)
FN:322,(anonymous_19)
FN:325,(anonymous_20)
FN:340,(anonymous_21)
FN:345,(anonymous_22)
FN:359,(anonymous_23)
FN:370,(anonymous_24)
FN:381,(anonymous_25)
FN:392,(anonymous_26)
FN:403,(anonymous_27)
FN:414,(anonymous_28)
FN:429,(anonymous_29)
FN:444,(anonymous_30)
FN:453,(anonymous_31)
FN:462,(anonymous_32)
FN:471,(anonymous_33)
FN:480,(anonymous_34)
FN:489,(anonymous_35)
FN:498,(anonymous_36)
FN:510,(anonymous_37)
FN:519,(anonymous_38)
FN:528,(anonymous_39)
FNF:39
FNH:19
FNDA:3,(anonymous_1)
FNDA:17,Route
FNDA:5,(anonymous_3)
FNDA:0,(anonymous_4)
FNDA:10,(anonymous_5)
FNDA:0,(anonymous_6)
FNDA:0,(anonymous_7)
FNDA:0,(anonymous_8)
FNDA:0,(anonymous_9)
FNDA:0,(anonymous_10)
FNDA:0,(anonymous_11)
FNDA:5,(anonymous_12)
FNDA:13,(anonymous_13)
FNDA:0,(anonymous_14)
FNDA:0,(anonymous_15)
FNDA:0,(anonymous_16)
FNDA:31,(anonymous_17)
FNDA:0,(anonymous_18)
FNDA:15,(anonymous_19)
FNDA:13,(anonymous_20)
FNDA:10,(anonymous_21)
FNDA:20,(anonymous_22)
FNDA:10,(anonymous_23)
FNDA:10,(anonymous_24)
FNDA:17,(anonymous_25)
FNDA:0,(anonymous_26)
FNDA:0,(anonymous_27)
FNDA:0,(anonymous_28)
FNDA:0,(anonymous_29)
FNDA:13,(anonymous_30)
FNDA:0,(anonymous_31)
FNDA:10,(anonymous_32)
FNDA:0,(anonymous_33)
FNDA:0,(anonymous_34)
FNDA:50,(anonymous_35)
FNDA:0,(anonymous_36)
FNDA:0,(anonymous_37)
FNDA:15,(anonymous_38)
FNDA:31,(anonymous_39)
DA:1,3
DA:3,3
DA:6,3
DA:13,3
DA:20,17
DA:27,17
DA:34,17
DA:41,17
DA:48,17
DA:56,17
DA:63,17
DA:70,17
DA:78,17
DA:85,17
DA:92,17
DA:99,17
DA:120,17
DA:121,17
DA:129,7
DA:130,5
DA:139,3
DA:140,0
DA:149,3
DA:150,10
DA:159,3
DA:160,0
DA:169,3
DA:170,0
DA:179,3
DA:180,0
DA:189,3
DA:190,0
DA:199,3
DA:200,0
DA:208,3
DA:209,0
DA:211,0
DA:220,23
DA:221,5
DA:222,13
DA:225,5
DA:227,5
DA:235,3
DA:236,0
DA:238,0
DA:240,0
DA:243,0
DA:244,0
DA:246,0
DA:255,3
DA:256,0
DA:266,3
DA:267,0
DA:269,0
DA:271,0
DA:273,0
DA:282,3
DA:283,31
DA:285,31
DA:287,19
DA:289,19
DA:290,15
DA:293,31
DA:294,23
DA:297,31
DA:306,3
DA:307,0
DA:309,0
DA:311,0
DA:313,0
DA:322,3
DA:323,15
DA:325,15
DA:326,13
DA:329,15
DA:330,10
DA:332,15
DA:340,3
DA:341,10
DA:342,0
DA:345,20
DA:346,0
DA:349,10
DA:351,10
DA:359,3
DA:360,10
DA:362,10
DA:370,3
DA:371,10
DA:373,10
DA:381,3
DA:382,17
DA:384,17
DA:392,3
DA:393,0
DA:395,0
DA:403,3
DA:404,0
DA:406,0
DA:414,3
DA:416,0
DA:417,0
DA:419,0
DA:421,0
DA:429,3
DA:431,0
DA:432,0
DA:434,0
DA:436,0
DA:444,3
DA:445,13
DA:453,3
DA:454,0
DA:462,3
DA:463,10
DA:471,3
DA:472,0
DA:480,3
DA:481,0
DA:489,3
DA:490,50
DA:498,3
DA:499,0
DA:500,0
DA:502,0
DA:510,3
DA:511,0
DA:519,3
DA:520,15
DA:528,3
DA:529,31
DA:531,3
LF:132
LH:88
BRDA:120,0,0,0
BRDA:120,0,1,17
BRDA:129,1,0,2
BRDA:129,1,1,3
BRDA:238,2,0,0
BRDA:238,2,1,0
BRDA:243,3,0,0
BRDA:243,3,1,0
BRDA:269,4,0,0
BRDA:269,4,1,0
BRDA:269,5,0,0
BRDA:269,5,1,0
BRDA:285,6,0,19
BRDA:285,6,1,12
BRDA:289,7,0,15
BRDA:289,7,1,4
BRDA:293,8,0,23
BRDA:293,8,1,8
BRDA:309,9,0,0
BRDA:309,9,1,0
BRDA:309,10,0,0
BRDA:309,10,1,0
BRDA:329,11,0,10
BRDA:329,11,1,5
BRDA:341,12,0,0
BRDA:341,12,1,10
BRDA:345,13,0,0
BRDA:345,13,1,10
BRDA:416,14,0,0
BRDA:416,14,1,0
BRDA:431,15,0,0
BRDA:431,15,1,0
BRDA:499,16,0,0
BRDA:499,16,1,0
BRF:34
BRH:13
end_of_record
TN:
SF:src/routeRegistrar.ts
FN:4,(anonymous_6)
FN:28,(anonymous_8)
FNF:2
FNH:1
FNDA:3,(anonymous_6)
FNDA:0,(anonymous_8)
DA:1,3
DA:4,3
DA:11,0
DA:20,0
DA:28,3
DA:29,0
DA:31,3
LF:7
LH:4
BRDA:4,0,0,0
BRDA:4,0,1,0
BRDA:4,0,2,0
BRF:3
BRH:0
end_of_record
TN:
SF:src/router.ts
FN:18,(anonymous_21)
FN:82,Router
FN:96,(anonymous_23)
FN:105,(anonymous_24)
FN:118,(anonymous_25)
FN:145,(anonymous_28)
FN:165,(anonymous_29)
FN:185,(anonymous_32)
FN:199,(anonymous_35)
FN:202,(anonymous_36)
FN:217,(anonymous_37)
FN:219,(anonymous_38)
FN:219,(anonymous_39)
FN:236,(anonymous_41)
FN:253,(anonymous_42)
FN:268,(anonymous_43)
FN:270,(anonymous_44)
FN:270,(anonymous_45)
FN:287,(anonymous_47)
FN:302,(anonymous_48)
FN:317,(anonymous_49)
FN:347,(anonymous_50)
FN:369,(anonymous_51)
FN:389,(anonymous_52)
FN:405,(anonymous_53)
FN:429,(anonymous_54)
FN:438,(anonymous_55)
FN:448,(anonymous_56)
FN:467,(anonymous_57)
FN:482,(anonymous_58)
FN:497,(anonymous_59)
FN:501,(anonymous_60)
FN:512,(anonymous_61)
FN:526,(anonymous_62)
FN:527,(anonymous_63)
FN:527,(anonymous_64)
FN:539,(anonymous_65)
FN:548,(anonymous_66)
FN:557,(anonymous_67)
FN:566,(anonymous_68)
FN:575,(anonymous_69)
FNF:41
FNH:1
FNDA:3,(anonymous_21)
FNDA:0,Router
FNDA:0,(anonymous_23)
FNDA:0,(anonymous_24)
FNDA:0,(anonymous_25)
FNDA:0,(anonymous_28)
FNDA:0,(anonymous_29)
FNDA:0,(anonymous_32)
FNDA:0,(anonymous_35)
FNDA:0,(anonymous_36)
FNDA:0,(anonymous_37)
FNDA:0,(anonymous_38)
FNDA:0,(anonymous_39)
FNDA:0,(anonymous_41)
FNDA:0,(anonymous_42)
FNDA:0,(anonymous_43)
FNDA:0,(anonymous_44)
FNDA:0,(anonymous_45)
FNDA:0,(anonymous_47)
FNDA:0,(anonymous_48)
FNDA:0,(anonymous_49)
FNDA:0,(anonymous_50)
FNDA:0,(anonymous_51)
FNDA:0,(anonymous_52)
FNDA:0,(anonymous_53)
FNDA:0,(anonymous_54)
FNDA:0,(anonymous_55)
FNDA:0,(anonymous_56)
FNDA:0,(anonymous_57)
FNDA:0,(anonymous_58)
FNDA:0,(anonymous_59)
FNDA:0,(anonymous_60)
FNDA:0,(anonymous_61)
FNDA:0,(anonymous_62)
FNDA:0,(anonymous_63)
FNDA:0,(anonymous_64)
FNDA:0,(anonymous_65)
FNDA:0,(anonymous_66)
FNDA:0,(anonymous_67)
FNDA:0,(anonymous_68)
FNDA:0,(anonymous_69)
DA:1,3
DA:2,3
DA:3,3
DA:4,3
DA:5,3
DA:6,3
DA:7,3
DA:8,3
DA:9,3
DA:10,3
DA:11,3
DA:15,3
DA:18,3
DA:33,0
DA:40,0
DA:47,0
DA:54,0
DA:61,0
DA:68,0
DA:83,0
DA:85,0
DA:87,0
DA:88,0
DA:96,3
DA:97,0
DA:105,3
DA:106,0
DA:118,3
DA:125,0
DA:131,0
DA:132,0
DA:134,0
DA:145,3
DA:146,0
DA:148,0
DA:149,0
DA:151,0
DA:153,0
DA:155,0
DA:165,3
DA:167,0
DA:170,0
DA:185,3
DA:187,0
DA:189,0
DA:199,3
DA:201,0
DA:203,0
DA:205,0
DA:206,0
DA:208,0
DA:217,3
DA:219,0
DA:220,0
DA:222,0
DA:223,0
DA:225,0
DA:236,3
DA:237,0
DA:240,0
DA:242,0
DA:243,0
DA:245,0
DA:253,3
DA:254,0
DA:256,0
DA:258,0
DA:268,3
DA:270,0
DA:271,0
DA:273,0
DA:274,0
DA:276,0
DA:278,0
DA:287,3
DA:289,0
DA:291,0
DA:293,0
DA:302,3
DA:303,0
DA:305,0
DA:306,0
DA:308,0
DA:317,3
DA:319,0
DA:320,0
DA:322,0
DA:324,0
DA:325,0
DA:328,0
DA:330,0
DA:332,0
DA:338,0
DA:347,3
DA:349,0
DA:350,0
DA:352,0
DA:354,0
DA:355,0
DA:356,0
DA:359,0
DA:369,3
DA:371,0
DA:373,0
DA:374,0
DA:375,0
DA:378,0
DA:389,3
DA:391,0
DA:392,0
DA:393,0
DA:396,0
DA:405,3
DA:407,0
DA:408,0
DA:413,0
DA:429,3
DA:430,0
DA:438,3
DA:439,0
DA:448,3
DA:449,0
DA:451,0
DA:452,0
DA:453,0
DA:456,0
DA:467,3
DA:468,0
DA:469,0
DA:471,0
DA:472,0
DA:474,0
DA:482,3
DA:483,0
DA:484,0
DA:486,0
DA:497,3
DA:499,0
DA:501,0
DA:502,0
DA:503,0
DA:512,3
DA:513,0
DA:515,0
DA:516,0
DA:526,3
DA:527,0
DA:528,0
DA:530,0
DA:539,3
DA:540,0
DA:548,3
DA:549,0
DA:557,3
DA:558,0
DA:566,3
DA:567,0
DA:575,3
DA:576,0
DA:578,3
LF:160
LH:45
BRDA:83,0,0,0
BRDA:83,0,1,0
BRDA:134,1,0,0
BRDA:148,2,0,0
BRDA:148,2,1,0
BRDA:170,3,0,0
BRDA:168,4,0,0
BRDA:168,4,1,0
BRDA:189,5,0,0
BRDA:205,6,0,0
BRDA:205,6,1,0
BRDA:225,7,0,0
BRDA:222,8,0,0
BRDA:222,8,1,0
BRDA:242,9,0,0
BRDA:242,9,1,0
BRDA:242,10,0,0
BRDA:242,10,1,0
BRDA:258,11,0,0
BRDA:258,11,1,0
BRDA:278,12,0,0
BRDA:273,13,0,0
BRDA:273,13,1,0
BRDA:303,14,0,0
BRDA:303,14,1,0
BRDA:320,15,0,0
BRDA:320,15,1,0
BRDA:324,16,0,0
BRDA:324,16,1,0
BRDA:330,17,0,0
BRDA:330,17,1,0
BRDA:355,18,0,0
BRDA:355,18,1,0
BRDA:374,19,0,0
BRDA:374,19,1,0
BRDA:392,20,0,0
BRDA:392,20,1,0
BRDA:407,21,0,0
BRDA:407,21,1,0
BRDA:468,22,0,0
BRDA:468,22,1,0
BRDA:471,23,0,0
BRDA:471,23,1,0
BRDA:483,24,0,0
BRDA:483,24,1,0
BRDA:515,25,0,0
BRDA:515,25,1,0
BRDA:528,26,0,0
BRDA:528,26,1,0
BRDA:576,27,0,0
BRDA:576,27,1,0
BRF:51
BRH:0
end_of_record
TN:
SF:src/uri/baseComponent.ts
FN:3,(anonymous_0)
FN:19,UriComponent
FN:28,(anonymous_2)
FN:39,(anonymous_3)
FNF:4
FNH:3
FNDA:3,(anonymous_0)
FNDA:36,UriComponent
FNDA:77,(anonymous_2)
FNDA:0,(anonymous_3)
DA:3,3
DA:20,36
DA:28,3
DA:29,77
DA:39,3
DA:40,0
DA:41,0
DA:43,0
DA:46,3
LF:9
LH:6
BRDA:40,0,0,0
BRDA:40,0,1,0
BRDA:40,1,0,0
BRDA:40,1,1,0
BRF:4
BRH:0
end_of_record
TN:
SF:src/uri/requestComponent.ts
FN:6,(anonymous_6)
FN:20,(anonymous_8)
FN:31,(anonymous_9)
FN:40,(anonymous_10)
FNF:4
FNH:1
FNDA:3,(anonymous_6)
FNDA:0,(anonymous_8)
FNDA:0,(anonymous_9)
FNDA:0,(anonymous_10)
DA:1,3
DA:3,3
DA:6,3
DA:20,3
DA:21,0
DA:23,0
DA:31,3
DA:32,0
DA:40,3
DA:41,0
DA:43,0
DA:44,0
DA:46,0
DA:48,3
LF:14
LH:7
BRDA:43,0,0,0
BRDA:43,0,1,0
BRF:2
BRH:0
end_of_record
TN:
SF:src/uri/routeFixedComponent.ts
FN:4,(anonymous_6)
FN:13,FixedComponent
FN:28,(anonymous_8)
FN:39,(anonymous_9)
FNF:4
FNH:4
FNDA:3,(anonymous_6)
FNDA:21,FixedComponent
FNDA:21,(anonymous_8)
FNDA:12,(anonymous_9)
DA:1,3
DA:4,3
DA:14,21
DA:16,21
DA:28,3
DA:29,21
DA:39,3
DA:40,12
DA:41,2
DA:43,10
DA:47,3
LF:11
LH:11
BRDA:14,0,0,21
BRDA:14,0,1,21
BRDA:40,1,0,2
BRDA:40,1,1,10
BRDA:40,2,0,12
BRDA:40,2,1,11
BRDA:43,3,0,10
BRDA:43,3,1,8
BRDA:43,3,2,3
BRF:9
BRH:9
end_of_record
TN:
SF:src/uri/routeParamComponent.ts
FN:5,(anonymous_6)
FN:21,ParamComponent
FN:33,(anonymous_8)
FN:43,(anonymous_9)
FN:55,(anonymous_10)
FNF:5
FNH:5
FNDA:3,(anonymous_6)
FNDA:15,ParamComponent
FNDA:4,(anonymous_8)
FNDA:3,(anonymous_9)
FNDA:8,(anonymous_10)
DA:1,3
DA:2,3
DA:5,3
DA:22,15
DA:24,15
DA:33,3
DA:34,4
DA:43,3
DA:44,3
DA:55,3
DA:57,8
DA:58,2
DA:63,6
DA:65,3
LF:14
LH:14
BRDA:22,0,0,15
BRDA:22,0,1,15
BRDA:57,1,0,2
BRDA:57,1,1,6
BRDA:57,2,0,8
BRDA:57,2,1,8
BRDA:63,3,0,6
BRDA:63,3,1,2
BRF:8
BRH:8
end_of_record
TN:
SF:src/uri/uriComponentFactory.ts
FN:8,(anonymous_0)
FN:15,(anonymous_2)
FN:27,(anonymous_3)
FN:30,(anonymous_4)
FN:39,(anonymous_5)
FN:43,(anonymous_6)
FN:52,(anonymous_7)
FN:55,(anonymous_8)
FNF:8
FNH:4
FNDA:3,(anonymous_0)
FNDA:10,(anonymous_2)
FNDA:0,(anonymous_3)
FNDA:0,(anonymous_4)
FNDA:2,(anonymous_5)
FNDA:10,(anonymous_6)
FNDA:0,(anonymous_7)
FNDA:0,(anonymous_8)
DA:3,3
DA:4,3
DA:5,3
DA:8,3
DA:15,3
DA:16,10
DA:17,4
DA:19,6
DA:27,3
DA:29,0
DA:30,0
DA:39,3
DA:40,2
DA:42,2
DA:43,10
DA:52,3
DA:53,0
DA:55,0
DA:57,3
LF:19
LH:15
BRDA:16,0,0,4
BRDA:16,0,1,6
BRF:2
BRH:2
end_of_record
TN:
SF:src/validators/hostValidator.ts
FN:4,(anonymous_0)
FN:12,(anonymous_2)
FNF:2
FNH:1
FNDA:3,(anonymous_0)
FNDA:0,(anonymous_2)
DA:4,3
DA:12,3
DA:13,0
DA:14,0
DA:16,0
DA:18,3
LF:6
LH:3
BRDA:13,0,0,0
BRDA:13,0,1,0
BRF:2
BRH:0
end_of_record
TN:
SF:src/validators/methodValidator.ts
FN:4,(anonymous_0)
FN:12,(anonymous_2)
FNF:2
FNH:1
FNDA:3,(anonymous_0)
FNDA:0,(anonymous_2)
DA:4,3
DA:12,3
DA:13,0
DA:15,3
LF:4
LH:3
BRF:0
BRH:0
end_of_record
TN:
SF:src/validators/schemeValidator.ts
FN:4,(anonymous_0)
FN:14,(anonymous_2)
FNF:2
FNH:1
FNDA:3,(anonymous_0)
FNDA:0,(anonymous_2)
DA:4,3
DA:14,3
DA:15,0
DA:16,0
DA:18,0
DA:20,3
LF:6
LH:3
BRDA:15,0,0,0
BRDA:15,0,1,0
BRF:2
BRH:0
end_of_record
TN:
SF:src/validators/uriValidator.ts
FN:4,(anonymous_0)
FN:12,(anonymous_2)
FNF:2
FNH:1
FNDA:3,(anonymous_0)
FNDA:0,(anonymous_2)
DA:4,3
DA:12,3
DA:13,0
DA:14,0
DA:16,0
DA:17,0
DA:18,0
DA:22,0
DA:24,0
DA:26,3
LF:10
LH:3
BRDA:17,0,0,0
BRDA:17,0,1,0
BRDA:22,1,0,0
BRDA:22,1,1,0
BRF:4
BRH:0
end_of_record
